Using pre-set license
Built from '2020.3/release' branch; Version is '2020.3.1f1 (77a89f25062f) revision 7841951'; Using compiler version '192528614'; Build Type 'Release'
OS: 'Windows 10 Pro; OS build 19041.928; Version 2004; 64bit' Language: 'en' Physical Memory: 12165 MB
BatchMode: 1, IsHumanControllingUs: 0, StartBugReporterOnCrash: 0, Is64bit: 1, IsPro: 0

 COMMAND LINE ARGUMENTS:
C:\Program Files\Unity\Hub\Editor\2020.3.1f1\Editor\Unity.exe
-adb2
-batchMode
-noUpm
-name
AssetImportWorker0
-projectPath
C:/Users/jared C/Documents/GitHub/Unit2/Paintball_Unit2 - L2_Complete
-logFile
Logs/AssetImportWorker0.log
-srvPort
52269
Successfully changed project path to: C:/Users/jared C/Documents/GitHub/Unit2/Paintball_Unit2 - L2_Complete
C:/Users/jared C/Documents/GitHub/Unit2/Paintball_Unit2 - L2_Complete
Using Asset Import Pipeline V2.
Refreshing native plugins compatible for Editor in 36.04 ms, found 0 plugins.
Preloading 0 native plugins for Editor in 0.00 ms.
Initialize engine version: 2020.3.1f1 (77a89f25062f)
[Subsystems] Discovering subsystems at path C:/Program Files/Unity/Hub/Editor/2020.3.1f1/Editor/Data/Resources/UnitySubsystems
[Subsystems] Discovering subsystems at path C:/Users/jared C/Documents/GitHub/Unit2/Paintball_Unit2 - L2_Complete/Assets
GfxDevice: creating device client; threaded=0
Direct3D:
    Version:  Direct3D 11.0 [level 11.1]
    Renderer: NVIDIA GeForce MX150 (ID=0x1d10)
    Vendor:   
    VRAM:     1983 MB
    Driver:   26.21.14.4223
Initialize mono
Mono path[0] = 'C:/Program Files/Unity/Hub/Editor/2020.3.1f1/Editor/Data/Managed'
Mono path[1] = 'C:/Program Files/Unity/Hub/Editor/2020.3.1f1/Editor/Data/MonoBleedingEdge/lib/mono/unityjit'
Mono config path = 'C:/Program Files/Unity/Hub/Editor/2020.3.1f1/Editor/Data/MonoBleedingEdge/etc'
Using monoOptions --debugger-agent=transport=dt_socket,embedding=1,server=y,suspend=n,address=127.0.0.1:56048
Begin MonoManager ReloadAssembly
Registering precompiled unity dll's ...
Register platform support module: C:/Program Files/Unity/Hub/Editor/2020.3.1f1/Editor/Data/PlaybackEngines/WindowsStandaloneSupport/UnityEditor.WindowsStandalone.Extensions.dll
Registered in 0.002918 seconds.
Native extension for WindowsStandalone target not found
Refreshing native plugins compatible for Editor in 39.94 ms, found 0 plugins.
Preloading 0 native plugins for Editor in 0.00 ms.
Invoked RoslynAnalysisRunner static constructor.
RoslynAnalysisRunner will not be running.
RoslynAnalysisRunner has terminated.
Mono: successfully reloaded assembly
- Completed reload, in  1.309 seconds
Platform modules already initialized, skipping
Registering precompiled user dll's ...
Registered in 0.001174 seconds.
Begin MonoManager ReloadAssembly
Native extension for WindowsStandalone target not found
Refreshing native plugins compatible for Editor in 0.33 ms, found 0 plugins.
Preloading 0 native plugins for Editor in 0.00 ms.
Invoked RoslynAnalysisRunner static constructor.
RoslynAnalysisRunner will not be running.
RoslynAnalysisRunner has terminated.
Mono: successfully reloaded assembly
- Completed reload, in  0.902 seconds
Platform modules already initialized, skipping
========================================================================
Worker process is ready to serve import requests
Launched and connected shader compiler UnityShaderCompiler.exe after 0.05 seconds
Refreshing native plugins compatible for Editor in 0.37 ms, found 0 plugins.
Preloading 0 native plugins for Editor in 0.00 ms.
Unloading 1245 Unused Serialized files (Serialized files now loaded: 0)
System memory in use before: 145.8 MB.
System memory in use after: 145.6 MB.

Unloading 9 unused Assets to reduce memory usage. Loaded Objects now: 1707.
Total: 3.492200 ms (FindLiveObjects: 0.727700 ms CreateObjectMapping: 0.325000 ms MarkObjects: 2.109600 ms  DeleteObjects: 0.328400 ms)

========================================================================
Received Import Request.
  path: Assets/Script/PlayerPaintballControl.cs
  artifactKey: Guid(1106b97eb609fcf47892426470bfb176) Importer(815301076,1909f56bfc062723c751e8b465ee728b)
Start importing Assets/Script/PlayerPaintballControl.cs using Guid(1106b97eb609fcf47892426470bfb176) Importer(815301076,1909f56bfc062723c751e8b465ee728b)  -> (artifact id: 'a966bdb939436629c1046184e736553f') in 0.080171 seconds
  Import took 0.087824 seconds .

========================================================================
Received Import Request.
  Time since last request: 0.001000 seconds.
  path: Assets/Script/PaintballControl.cs
  artifactKey: Guid(d013c967d60bef84591b2c41360c90d9) Importer(815301076,1909f56bfc062723c751e8b465ee728b)
Start importing Assets/Script/PaintballControl.cs using Guid(d013c967d60bef84591b2c41360c90d9) Importer(815301076,1909f56bfc062723c751e8b465ee728b)  -> (artifact id: 'eec2dbe4bfaeac02f101cf75f134701c') in 0.053117 seconds
  Import took 0.060266 seconds .

========================================================================
Received Prepare
Registering precompiled user dll's ...
Registered in 0.001839 seconds.
Begin MonoManager ReloadAssembly
Native extension for WindowsStandalone target not found
Refreshing native plugins compatible for Editor in 0.34 ms, found 0 plugins.
Preloading 0 native plugins for Editor in 0.00 ms.
Invoked RoslynAnalysisRunner static constructor.
RoslynAnalysisRunner will not be running.
RoslynAnalysisRunner has terminated.
Mono: successfully reloaded assembly
- Completed reload, in  0.883 seconds
Platform modules already initialized, skipping
Refreshing native plugins compatible for Editor in 0.34 ms, found 0 plugins.
Preloading 0 native plugins for Editor in 0.00 ms.
Unloading 1220 Unused Serialized files (Serialized files now loaded: 0)
System memory in use before: 144.2 MB.
System memory in use after: 143.9 MB.

Unloading 5 unused Assets to reduce memory usage. Loaded Objects now: 1710.
Total: 2.361200 ms (FindLiveObjects: 0.170100 ms CreateObjectMapping: 0.044300 ms MarkObjects: 1.685600 ms  DeleteObjects: 0.459800 ms)

========================================================================
Received Import Request.
  Time since last request: 18.987859 seconds.
  path: Assets/Script/PaintballControl.cs
  artifactKey: Guid(d013c967d60bef84591b2c41360c90d9) Importer(815301076,1909f56bfc062723c751e8b465ee728b)
Start importing Assets/Script/PaintballControl.cs using Guid(d013c967d60bef84591b2c41360c90d9) Importer(815301076,1909f56bfc062723c751e8b465ee728b)  -> (artifact id: '101ea3318854b83245ec2d91b8cfe408') in 0.007732 seconds
  Import took 0.010889 seconds .

AssetImportWorkerClient::OnTransportError - code=2 error=End of file
