Using pre-set license
Built from '2020.3/release' branch; Version is '2020.3.1f1 (77a89f25062f) revision 7841951'; Using compiler version '192528614'; Build Type 'Release'
OS: 'Windows 10 Pro; OS build 19041.928; Version 2004; 64bit' Language: 'en' Physical Memory: 12165 MB
BatchMode: 1, IsHumanControllingUs: 0, StartBugReporterOnCrash: 0, Is64bit: 1, IsPro: 0

 COMMAND LINE ARGUMENTS:
C:\Program Files\Unity\Hub\Editor\2020.3.1f1\Editor\Unity.exe
-adb2
-batchMode
-noUpm
-name
AssetImportWorker0
-projectPath
C:/Users/jared C/Documents/GitHub/Unit2/Paintball_Unit2 - L2_Complete
-logFile
Logs/AssetImportWorker0.log
-srvPort
61194
Successfully changed project path to: C:/Users/jared C/Documents/GitHub/Unit2/Paintball_Unit2 - L2_Complete
C:/Users/jared C/Documents/GitHub/Unit2/Paintball_Unit2 - L2_Complete
Using Asset Import Pipeline V2.
Refreshing native plugins compatible for Editor in 35.30 ms, found 0 plugins.
Preloading 0 native plugins for Editor in 0.00 ms.
Initialize engine version: 2020.3.1f1 (77a89f25062f)
[Subsystems] Discovering subsystems at path C:/Program Files/Unity/Hub/Editor/2020.3.1f1/Editor/Data/Resources/UnitySubsystems
[Subsystems] Discovering subsystems at path C:/Users/jared C/Documents/GitHub/Unit2/Paintball_Unit2 - L2_Complete/Assets
GfxDevice: creating device client; threaded=0
Direct3D:
    Version:  Direct3D 11.0 [level 11.1]
    Renderer: NVIDIA GeForce MX150 (ID=0x1d10)
    Vendor:   
    VRAM:     1983 MB
    Driver:   26.21.14.4223
Initialize mono
Mono path[0] = 'C:/Program Files/Unity/Hub/Editor/2020.3.1f1/Editor/Data/Managed'
Mono path[1] = 'C:/Program Files/Unity/Hub/Editor/2020.3.1f1/Editor/Data/MonoBleedingEdge/lib/mono/unityjit'
Mono config path = 'C:/Program Files/Unity/Hub/Editor/2020.3.1f1/Editor/Data/MonoBleedingEdge/etc'
Using monoOptions --debugger-agent=transport=dt_socket,embedding=1,server=y,suspend=n,address=127.0.0.1:56632
Begin MonoManager ReloadAssembly
Registering precompiled unity dll's ...
Register platform support module: C:/Program Files/Unity/Hub/Editor/2020.3.1f1/Editor/Data/PlaybackEngines/WindowsStandaloneSupport/UnityEditor.WindowsStandalone.Extensions.dll
Registered in 0.002818 seconds.
Native extension for WindowsStandalone target not found
Refreshing native plugins compatible for Editor in 34.29 ms, found 0 plugins.
Preloading 0 native plugins for Editor in 0.00 ms.
Invoked RoslynAnalysisRunner static constructor.
RoslynAnalysisRunner will not be running.
RoslynAnalysisRunner has terminated.
Mono: successfully reloaded assembly
- Completed reload, in  1.229 seconds
Platform modules already initialized, skipping
Registering precompiled user dll's ...
Registered in 0.001082 seconds.
Begin MonoManager ReloadAssembly
Native extension for WindowsStandalone target not found
Refreshing native plugins compatible for Editor in 0.33 ms, found 0 plugins.
Preloading 0 native plugins for Editor in 0.00 ms.
Invoked RoslynAnalysisRunner static constructor.
RoslynAnalysisRunner will not be running.
RoslynAnalysisRunner has terminated.
Mono: successfully reloaded assembly
- Completed reload, in  0.945 seconds
Platform modules already initialized, skipping
========================================================================
Worker process is ready to serve import requests
Launched and connected shader compiler UnityShaderCompiler.exe after 0.05 seconds
Refreshing native plugins compatible for Editor in 0.46 ms, found 0 plugins.
Preloading 0 native plugins for Editor in 0.00 ms.
Unloading 1245 Unused Serialized files (Serialized files now loaded: 0)
System memory in use before: 145.7 MB.
System memory in use after: 145.5 MB.

Unloading 9 unused Assets to reduce memory usage. Loaded Objects now: 1707.
Total: 2.365900 ms (FindLiveObjects: 0.196800 ms CreateObjectMapping: 0.082900 ms MarkObjects: 1.736700 ms  DeleteObjects: 0.348000 ms)

========================================================================
Received Import Request.
  path: Assets/Script/PaintballControl.cs
  artifactKey: Guid(d013c967d60bef84591b2c41360c90d9) Importer(815301076,1909f56bfc062723c751e8b465ee728b)
Start importing Assets/Script/PaintballControl.cs using Guid(d013c967d60bef84591b2c41360c90d9) Importer(815301076,1909f56bfc062723c751e8b465ee728b)  -> (artifact id: '4f7a2d0c2f438770aee188c8825eac87') in 0.044413 seconds
  Import took 0.047102 seconds .

========================================================================
Received Prepare
Registering precompiled user dll's ...
Registered in 0.001584 seconds.
Begin MonoManager ReloadAssembly
Native extension for WindowsStandalone target not found
Refreshing native plugins compatible for Editor in 0.35 ms, found 0 plugins.
Preloading 0 native plugins for Editor in 0.00 ms.
Invoked RoslynAnalysisRunner static constructor.
RoslynAnalysisRunner will not be running.
RoslynAnalysisRunner has terminated.
Mono: successfully reloaded assembly
- Completed reload, in  0.875 seconds
Platform modules already initialized, skipping
Refreshing native plugins compatible for Editor in 0.32 ms, found 0 plugins.
Preloading 0 native plugins for Editor in 0.00 ms.
Unloading 1220 Unused Serialized files (Serialized files now loaded: 0)
System memory in use before: 144.1 MB.
System memory in use after: 143.9 MB.

Unloading 5 unused Assets to reduce memory usage. Loaded Objects now: 1710.
Total: 2.187300 ms (FindLiveObjects: 0.157700 ms CreateObjectMapping: 0.035600 ms MarkObjects: 1.645000 ms  DeleteObjects: 0.347800 ms)

========================================================================
Received Import Request.
  Time since last request: 1296.401811 seconds.
  path: Assets/Script/PaintballControl.cs
  artifactKey: Guid(d013c967d60bef84591b2c41360c90d9) Importer(815301076,1909f56bfc062723c751e8b465ee728b)
Start importing Assets/Script/PaintballControl.cs using Guid(d013c967d60bef84591b2c41360c90d9) Importer(815301076,1909f56bfc062723c751e8b465ee728b)  -> (artifact id: 'c7ff86b0eee7e1b0935b7be2891c5f86') in 0.004783 seconds
  Import took 0.007043 seconds .

========================================================================
Received Import Request.
  Time since last request: 2.467172 seconds.
  path: Assets/Prefab/Paintball.prefab
  artifactKey: Guid(37e2d431521dc4c4caee73722fe60a89) Importer(815301076,1909f56bfc062723c751e8b465ee728b)
Start importing Assets/Prefab/Paintball.prefab using Guid(37e2d431521dc4c4caee73722fe60a89) Importer(815301076,1909f56bfc062723c751e8b465ee728b)  -> (artifact id: '76fa7872cf1ad70fb8a7f37d1e655500') in 0.092026 seconds
  Import took 0.094618 seconds .

========================================================================
Received Import Request.
  Time since last request: 12.340302 seconds.
  path: Assets/Prefab/Paintball.prefab
  artifactKey: Guid(37e2d431521dc4c4caee73722fe60a89) Importer(815301076,1909f56bfc062723c751e8b465ee728b)
Start importing Assets/Prefab/Paintball.prefab using Guid(37e2d431521dc4c4caee73722fe60a89) Importer(815301076,1909f56bfc062723c751e8b465ee728b)  -> (artifact id: '42afb92f9f9382dbc93b0014596d530e') in 0.010563 seconds
  Import took 0.013141 seconds .

========================================================================
Received Import Request.
  Time since last request: 0.015350 seconds.
  path: Assets/Prefab/Paintball.prefab
  artifactKey: Guid(37e2d431521dc4c4caee73722fe60a89) Importer(815301076,1909f56bfc062723c751e8b465ee728b)
Start importing Assets/Prefab/Paintball.prefab using Guid(37e2d431521dc4c4caee73722fe60a89) Importer(815301076,1909f56bfc062723c751e8b465ee728b)  -> (artifact id: '42afb92f9f9382dbc93b0014596d530e') in 0.012413 seconds
  Import took 0.015574 seconds .

========================================================================
Received Import Request.
  Time since last request: 90.007027 seconds.
  path: ProjectSettings/TagManager.asset
  artifactKey: Guid(00000000000000003000000000000000) Importer(815301076,1909f56bfc062723c751e8b465ee728b)
Start importing ProjectSettings/TagManager.asset using Guid(00000000000000003000000000000000) Importer(815301076,1909f56bfc062723c751e8b465ee728b)  -> (artifact id: '73ebce8da5fb90e31da75acc1fb0bc2d') in 0.008925 seconds
  Import took 0.011683 seconds .

========================================================================
Received Prepare
Registering precompiled user dll's ...
Registered in 0.001102 seconds.
Begin MonoManager ReloadAssembly
Native extension for WindowsStandalone target not found
Refreshing native plugins compatible for Editor in 0.33 ms, found 0 plugins.
Preloading 0 native plugins for Editor in 0.00 ms.
Invoked RoslynAnalysisRunner static constructor.
RoslynAnalysisRunner will not be running.
RoslynAnalysisRunner has terminated.
Mono: successfully reloaded assembly
- Completed reload, in  0.870 seconds
Platform modules already initialized, skipping
Refreshing native plugins compatible for Editor in 0.33 ms, found 0 plugins.
Preloading 0 native plugins for Editor in 0.00 ms.
Unloading 1220 Unused Serialized files (Serialized files now loaded: 0)
System memory in use before: 147.4 MB.
System memory in use after: 147.1 MB.

Unloading 7 unused Assets to reduce memory usage. Loaded Objects now: 1722.
Total: 2.234300 ms (FindLiveObjects: 0.241100 ms CreateObjectMapping: 0.052800 ms MarkObjects: 1.597200 ms  DeleteObjects: 0.342000 ms)

========================================================================
Received Prepare
Registering precompiled user dll's ...
Registered in 0.001293 seconds.
Begin MonoManager ReloadAssembly
Native extension for WindowsStandalone target not found
Refreshing native plugins compatible for Editor in 0.33 ms, found 0 plugins.
Preloading 0 native plugins for Editor in 0.00 ms.
Invoked RoslynAnalysisRunner static constructor.
RoslynAnalysisRunner will not be running.
RoslynAnalysisRunner has terminated.
Mono: successfully reloaded assembly
- Completed reload, in  0.824 seconds
Platform modules already initialized, skipping
Refreshing native plugins compatible for Editor in 0.34 ms, found 0 plugins.
Preloading 0 native plugins for Editor in 0.00 ms.
Unloading 1220 Unused Serialized files (Serialized files now loaded: 0)
System memory in use before: 147.4 MB.
System memory in use after: 147.1 MB.

Unloading 5 unused Assets to reduce memory usage. Loaded Objects now: 1725.
Total: 2.841000 ms (FindLiveObjects: 0.306900 ms CreateObjectMapping: 0.100900 ms MarkObjects: 1.842700 ms  DeleteObjects: 0.588700 ms)

========================================================================
Received Prepare
Registering precompiled user dll's ...
Registered in 0.001059 seconds.
Begin MonoManager ReloadAssembly
Native extension for WindowsStandalone target not found
Refreshing native plugins compatible for Editor in 0.32 ms, found 0 plugins.
Preloading 0 native plugins for Editor in 0.00 ms.
Invoked RoslynAnalysisRunner static constructor.
RoslynAnalysisRunner will not be running.
RoslynAnalysisRunner has terminated.
Mono: successfully reloaded assembly
- Completed reload, in  0.897 seconds
Platform modules already initialized, skipping
Refreshing native plugins compatible for Editor in 0.34 ms, found 0 plugins.
Preloading 0 native plugins for Editor in 0.00 ms.
Unloading 1220 Unused Serialized files (Serialized files now loaded: 0)
System memory in use before: 147.4 MB.
System memory in use after: 147.2 MB.

Unloading 5 unused Assets to reduce memory usage. Loaded Objects now: 1728.
Total: 2.286400 ms (FindLiveObjects: 0.197900 ms CreateObjectMapping: 0.051100 ms MarkObjects: 1.644400 ms  DeleteObjects: 0.391100 ms)

========================================================================
Received Prepare
Registering precompiled user dll's ...
Registered in 0.001425 seconds.
Begin MonoManager ReloadAssembly
Native extension for WindowsStandalone target not found
Refreshing native plugins compatible for Editor in 0.34 ms, found 0 plugins.
Preloading 0 native plugins for Editor in 0.00 ms.
Invoked RoslynAnalysisRunner static constructor.
RoslynAnalysisRunner will not be running.
RoslynAnalysisRunner has terminated.
Mono: successfully reloaded assembly
- Completed reload, in  0.811 seconds
Platform modules already initialized, skipping
Refreshing native plugins compatible for Editor in 0.33 ms, found 0 plugins.
Preloading 0 native plugins for Editor in 0.00 ms.
Unloading 1220 Unused Serialized files (Serialized files now loaded: 0)
System memory in use before: 147.4 MB.
System memory in use after: 147.2 MB.

Unloading 5 unused Assets to reduce memory usage. Loaded Objects now: 1731.
Total: 3.093100 ms (FindLiveObjects: 0.247300 ms CreateObjectMapping: 0.095900 ms MarkObjects: 2.301300 ms  DeleteObjects: 0.445900 ms)

========================================================================
Received Prepare
Registering precompiled user dll's ...
Registered in 0.001403 seconds.
Begin MonoManager ReloadAssembly
Native extension for WindowsStandalone target not found
Refreshing native plugins compatible for Editor in 0.33 ms, found 0 plugins.
Preloading 0 native plugins for Editor in 0.00 ms.
Invoked RoslynAnalysisRunner static constructor.
RoslynAnalysisRunner will not be running.
RoslynAnalysisRunner has terminated.
Mono: successfully reloaded assembly
- Completed reload, in  0.802 seconds
Platform modules already initialized, skipping
Refreshing native plugins compatible for Editor in 0.37 ms, found 0 plugins.
Preloading 0 native plugins for Editor in 0.00 ms.
Unloading 1220 Unused Serialized files (Serialized files now loaded: 0)
System memory in use before: 147.4 MB.
System memory in use after: 147.2 MB.

Unloading 5 unused Assets to reduce memory usage. Loaded Objects now: 1734.
Total: 2.249800 ms (FindLiveObjects: 0.249700 ms CreateObjectMapping: 0.066100 ms MarkObjects: 1.545300 ms  DeleteObjects: 0.386800 ms)

========================================================================
Received Prepare
Registering precompiled user dll's ...
Registered in 0.001659 seconds.
Begin MonoManager ReloadAssembly
Native extension for WindowsStandalone target not found
Refreshing native plugins compatible for Editor in 0.35 ms, found 0 plugins.
Preloading 0 native plugins for Editor in 0.00 ms.
Invoked RoslynAnalysisRunner static constructor.
RoslynAnalysisRunner will not be running.
RoslynAnalysisRunner has terminated.
Mono: successfully reloaded assembly
- Completed reload, in  1.142 seconds
Platform modules already initialized, skipping
Refreshing native plugins compatible for Editor in 0.42 ms, found 0 plugins.
Preloading 0 native plugins for Editor in 0.00 ms.
Unloading 1220 Unused Serialized files (Serialized files now loaded: 0)
System memory in use before: 147.4 MB.
System memory in use after: 147.2 MB.

Unloading 5 unused Assets to reduce memory usage. Loaded Objects now: 1737.
Total: 3.820100 ms (FindLiveObjects: 0.397500 ms CreateObjectMapping: 0.203000 ms MarkObjects: 2.606600 ms  DeleteObjects: 0.611000 ms)

========================================================================
Received Prepare
Registering precompiled user dll's ...
Registered in 0.001855 seconds.
Begin MonoManager ReloadAssembly
Native extension for WindowsStandalone target not found
Refreshing native plugins compatible for Editor in 0.78 ms, found 0 plugins.
Preloading 0 native plugins for Editor in 0.00 ms.
Invoked RoslynAnalysisRunner static constructor.
RoslynAnalysisRunner will not be running.
RoslynAnalysisRunner has terminated.
Mono: successfully reloaded assembly
- Completed reload, in  1.098 seconds
Platform modules already initialized, skipping
Refreshing native plugins compatible for Editor in 0.36 ms, found 0 plugins.
Preloading 0 native plugins for Editor in 0.00 ms.
Unloading 1220 Unused Serialized files (Serialized files now loaded: 0)
System memory in use before: 147.4 MB.
System memory in use after: 147.2 MB.

Unloading 5 unused Assets to reduce memory usage. Loaded Objects now: 1740.
Total: 3.071300 ms (FindLiveObjects: 0.401500 ms CreateObjectMapping: 0.117700 ms MarkObjects: 1.984400 ms  DeleteObjects: 0.566000 ms)

========================================================================
Received Prepare
Registering precompiled user dll's ...
Registered in 0.001210 seconds.
Begin MonoManager ReloadAssembly
Native extension for WindowsStandalone target not found
Refreshing native plugins compatible for Editor in 0.53 ms, found 0 plugins.
Preloading 0 native plugins for Editor in 0.00 ms.
Invoked RoslynAnalysisRunner static constructor.
RoslynAnalysisRunner will not be running.
RoslynAnalysisRunner has terminated.
Mono: successfully reloaded assembly
- Completed reload, in  1.076 seconds
Platform modules already initialized, skipping
Refreshing native plugins compatible for Editor in 0.68 ms, found 0 plugins.
Preloading 0 native plugins for Editor in 0.00 ms.
Unloading 1220 Unused Serialized files (Serialized files now loaded: 0)
System memory in use before: 147.4 MB.
System memory in use after: 147.2 MB.

Unloading 5 unused Assets to reduce memory usage. Loaded Objects now: 1743.
Total: 2.976800 ms (FindLiveObjects: 0.214500 ms CreateObjectMapping: 0.061200 ms MarkObjects: 2.237800 ms  DeleteObjects: 0.461800 ms)

========================================================================
Received Prepare
Registering precompiled user dll's ...
Registered in 0.001138 seconds.
Begin MonoManager ReloadAssembly
Native extension for WindowsStandalone target not found
Refreshing native plugins compatible for Editor in 0.37 ms, found 0 plugins.
Preloading 0 native plugins for Editor in 0.00 ms.
Invoked RoslynAnalysisRunner static constructor.
RoslynAnalysisRunner will not be running.
RoslynAnalysisRunner has terminated.
Mono: successfully reloaded assembly
- Completed reload, in  1.174 seconds
Platform modules already initialized, skipping
Refreshing native plugins compatible for Editor in 0.35 ms, found 0 plugins.
Preloading 0 native plugins for Editor in 0.00 ms.
Unloading 1220 Unused Serialized files (Serialized files now loaded: 0)
System memory in use before: 147.4 MB.
System memory in use after: 147.2 MB.

Unloading 5 unused Assets to reduce memory usage. Loaded Objects now: 1746.
Total: 2.609500 ms (FindLiveObjects: 0.203500 ms CreateObjectMapping: 0.046700 ms MarkObjects: 1.939200 ms  DeleteObjects: 0.418500 ms)

========================================================================
Received Prepare
Registering precompiled user dll's ...
Registered in 0.001181 seconds.
Begin MonoManager ReloadAssembly
Native extension for WindowsStandalone target not found
Refreshing native plugins compatible for Editor in 0.63 ms, found 0 plugins.
Preloading 0 native plugins for Editor in 0.00 ms.
Invoked RoslynAnalysisRunner static constructor.
RoslynAnalysisRunner will not be running.
RoslynAnalysisRunner has terminated.
Mono: successfully reloaded assembly
- Completed reload, in  1.200 seconds
Platform modules already initialized, skipping
Refreshing native plugins compatible for Editor in 0.97 ms, found 0 plugins.
Preloading 0 native plugins for Editor in 0.00 ms.
Unloading 1220 Unused Serialized files (Serialized files now loaded: 0)
System memory in use before: 147.4 MB.
System memory in use after: 147.2 MB.

Unloading 5 unused Assets to reduce memory usage. Loaded Objects now: 1749.
Total: 3.842600 ms (FindLiveObjects: 0.389700 ms CreateObjectMapping: 0.132500 ms MarkObjects: 2.824700 ms  DeleteObjects: 0.493700 ms)

========================================================================
Received Prepare
Registering precompiled user dll's ...
Registered in 0.001651 seconds.
Begin MonoManager ReloadAssembly
Native extension for WindowsStandalone target not found
Refreshing native plugins compatible for Editor in 0.37 ms, found 0 plugins.
Preloading 0 native plugins for Editor in 0.00 ms.
Invoked RoslynAnalysisRunner static constructor.
RoslynAnalysisRunner will not be running.
RoslynAnalysisRunner has terminated.
Mono: successfully reloaded assembly
- Completed reload, in  1.260 seconds
Platform modules already initialized, skipping
Refreshing native plugins compatible for Editor in 0.38 ms, found 0 plugins.
Preloading 0 native plugins for Editor in 0.00 ms.
Unloading 1220 Unused Serialized files (Serialized files now loaded: 0)
System memory in use before: 147.4 MB.
System memory in use after: 147.2 MB.

Unloading 5 unused Assets to reduce memory usage. Loaded Objects now: 1752.
Total: 2.752000 ms (FindLiveObjects: 0.237100 ms CreateObjectMapping: 0.053700 ms MarkObjects: 2.009100 ms  DeleteObjects: 0.449900 ms)

========================================================================
Received Prepare
Registering precompiled user dll's ...
Registered in 0.001825 seconds.
Begin MonoManager ReloadAssembly
Native extension for WindowsStandalone target not found
Refreshing native plugins compatible for Editor in 0.36 ms, found 0 plugins.
Preloading 0 native plugins for Editor in 0.00 ms.
Invoked RoslynAnalysisRunner static constructor.
RoslynAnalysisRunner will not be running.
RoslynAnalysisRunner has terminated.
Mono: successfully reloaded assembly
- Completed reload, in  1.107 seconds
Platform modules already initialized, skipping
Refreshing native plugins compatible for Editor in 0.63 ms, found 0 plugins.
Preloading 0 native plugins for Editor in 0.00 ms.
Unloading 1220 Unused Serialized files (Serialized files now loaded: 0)
System memory in use before: 147.4 MB.
System memory in use after: 147.2 MB.

Unloading 5 unused Assets to reduce memory usage. Loaded Objects now: 1755.
Total: 2.755500 ms (FindLiveObjects: 0.217700 ms CreateObjectMapping: 0.049400 ms MarkObjects: 1.997200 ms  DeleteObjects: 0.489400 ms)

========================================================================
Received Prepare
Registering precompiled user dll's ...
Registered in 0.001230 seconds.
Begin MonoManager ReloadAssembly
Native extension for WindowsStandalone target not found
Refreshing native plugins compatible for Editor in 0.41 ms, found 0 plugins.
Preloading 0 native plugins for Editor in 0.00 ms.
Invoked RoslynAnalysisRunner static constructor.
RoslynAnalysisRunner will not be running.
RoslynAnalysisRunner has terminated.
Mono: successfully reloaded assembly
- Completed reload, in  1.206 seconds
Platform modules already initialized, skipping
Refreshing native plugins compatible for Editor in 0.41 ms, found 0 plugins.
Preloading 0 native plugins for Editor in 0.00 ms.
Unloading 1220 Unused Serialized files (Serialized files now loaded: 0)
System memory in use before: 147.4 MB.
System memory in use after: 147.2 MB.

Unloading 5 unused Assets to reduce memory usage. Loaded Objects now: 1758.
Total: 2.743700 ms (FindLiveObjects: 0.230400 ms CreateObjectMapping: 0.058800 ms MarkObjects: 1.967100 ms  DeleteObjects: 0.486300 ms)

========================================================================
Received Prepare
Registering precompiled user dll's ...
Registered in 0.001269 seconds.
Begin MonoManager ReloadAssembly
Native extension for WindowsStandalone target not found
Refreshing native plugins compatible for Editor in 0.57 ms, found 0 plugins.
Preloading 0 native plugins for Editor in 0.00 ms.
Invoked RoslynAnalysisRunner static constructor.
RoslynAnalysisRunner will not be running.
RoslynAnalysisRunner has terminated.
Mono: successfully reloaded assembly
- Completed reload, in  1.035 seconds
Platform modules already initialized, skipping
Refreshing native plugins compatible for Editor in 0.36 ms, found 0 plugins.
Preloading 0 native plugins for Editor in 0.00 ms.
Unloading 1220 Unused Serialized files (Serialized files now loaded: 0)
System memory in use before: 147.4 MB.
System memory in use after: 147.2 MB.

Unloading 5 unused Assets to reduce memory usage. Loaded Objects now: 1761.
Total: 2.957700 ms (FindLiveObjects: 0.252600 ms CreateObjectMapping: 0.075400 ms MarkObjects: 2.180600 ms  DeleteObjects: 0.447600 ms)

========================================================================
Received Import Request.
  Time since last request: 5449.968099 seconds.
  path: Assets/Prefab/PaintSplatter.prefab
  artifactKey: Guid(3a77bd654f290db40a54fad08b03472e) Importer(815301076,1909f56bfc062723c751e8b465ee728b)
Start importing Assets/Prefab/PaintSplatter.prefab using Guid(3a77bd654f290db40a54fad08b03472e) Importer(815301076,1909f56bfc062723c751e8b465ee728b)  -> (artifact id: '684afb228d428239ba6847c4a6697fbc') in 0.087724 seconds
  Import took 0.091889 seconds .

========================================================================
Received Prepare
Registering precompiled user dll's ...
Registered in 0.001537 seconds.
Begin MonoManager ReloadAssembly
Native extension for WindowsStandalone target not found
Refreshing native plugins compatible for Editor in 0.38 ms, found 0 plugins.
Preloading 0 native plugins for Editor in 0.00 ms.
Invoked RoslynAnalysisRunner static constructor.
RoslynAnalysisRunner will not be running.
RoslynAnalysisRunner has terminated.
Mono: successfully reloaded assembly
- Completed reload, in  1.070 seconds
Platform modules already initialized, skipping
Refreshing native plugins compatible for Editor in 0.62 ms, found 0 plugins.
Preloading 0 native plugins for Editor in 0.00 ms.
Unloading 1220 Unused Serialized files (Serialized files now loaded: 0)
System memory in use before: 147.4 MB.
System memory in use after: 147.2 MB.

Unloading 5 unused Assets to reduce memory usage. Loaded Objects now: 1765.
Total: 2.830000 ms (FindLiveObjects: 0.304400 ms CreateObjectMapping: 0.100600 ms MarkObjects: 1.937000 ms  DeleteObjects: 0.486600 ms)

========================================================================
Received Prepare
Registering precompiled user dll's ...
Registered in 0.001230 seconds.
Begin MonoManager ReloadAssembly
Native extension for WindowsStandalone target not found
Refreshing native plugins compatible for Editor in 0.42 ms, found 0 plugins.
Preloading 0 native plugins for Editor in 0.00 ms.
Invoked RoslynAnalysisRunner static constructor.
RoslynAnalysisRunner will not be running.
RoslynAnalysisRunner has terminated.
Mono: successfully reloaded assembly
- Completed reload, in  1.129 seconds
Platform modules already initialized, skipping
Refreshing native plugins compatible for Editor in 0.36 ms, found 0 plugins.
Preloading 0 native plugins for Editor in 0.00 ms.
Unloading 1220 Unused Serialized files (Serialized files now loaded: 0)
System memory in use before: 147.4 MB.
System memory in use after: 147.2 MB.

Unloading 5 unused Assets to reduce memory usage. Loaded Objects now: 1768.
Total: 3.517400 ms (FindLiveObjects: 0.352800 ms CreateObjectMapping: 0.071400 ms MarkObjects: 2.471400 ms  DeleteObjects: 0.619700 ms)

========================================================================
Received Import Request.
  Time since last request: 53.511127 seconds.
  path: Assets/Prefab/PaintSplatter.prefab
  artifactKey: Guid(3a77bd654f290db40a54fad08b03472e) Importer(815301076,1909f56bfc062723c751e8b465ee728b)
Start importing Assets/Prefab/PaintSplatter.prefab using Guid(3a77bd654f290db40a54fad08b03472e) Importer(815301076,1909f56bfc062723c751e8b465ee728b)  -> (artifact id: '73672f4371a5685558a0944a72387924') in 0.071140 seconds
  Import took 0.075113 seconds .

========================================================================
Received Import Request.
  Time since last request: 2.927393 seconds.
  path: Assets/Prefab/PaintSplatter.prefab
  artifactKey: Guid(3a77bd654f290db40a54fad08b03472e) Importer(815301076,1909f56bfc062723c751e8b465ee728b)
Start importing Assets/Prefab/PaintSplatter.prefab using Guid(3a77bd654f290db40a54fad08b03472e) Importer(815301076,1909f56bfc062723c751e8b465ee728b)  -> (artifact id: '2c96b3c1b3a917eaaf69c0f8f6e9eea7') in 0.017722 seconds
  Import took 0.023020 seconds .

========================================================================
Received Import Request.
  Time since last request: 3.241289 seconds.
  path: Assets/Prefab/PaintSplatter.prefab
  artifactKey: Guid(3a77bd654f290db40a54fad08b03472e) Importer(815301076,1909f56bfc062723c751e8b465ee728b)
Start importing Assets/Prefab/PaintSplatter.prefab using Guid(3a77bd654f290db40a54fad08b03472e) Importer(815301076,1909f56bfc062723c751e8b465ee728b)  -> (artifact id: '93187c2b079e2fd575cfceb0eb820d64') in 0.031319 seconds
  Import took 0.035145 seconds .

========================================================================
Received Prepare
Registering precompiled user dll's ...
Registered in 0.001218 seconds.
Begin MonoManager ReloadAssembly
Native extension for WindowsStandalone target not found
Refreshing native plugins compatible for Editor in 0.65 ms, found 0 plugins.
Preloading 0 native plugins for Editor in 0.00 ms.
Invoked RoslynAnalysisRunner static constructor.
RoslynAnalysisRunner will not be running.
RoslynAnalysisRunner has terminated.
Mono: successfully reloaded assembly
- Completed reload, in  1.137 seconds
Platform modules already initialized, skipping
Refreshing native plugins compatible for Editor in 0.36 ms, found 0 plugins.
Preloading 0 native plugins for Editor in 0.00 ms.
Unloading 1220 Unused Serialized files (Serialized files now loaded: 0)
System memory in use before: 147.5 MB.
System memory in use after: 147.3 MB.

Unloading 5 unused Assets to reduce memory usage. Loaded Objects now: 1772.
Total: 2.724800 ms (FindLiveObjects: 0.212200 ms CreateObjectMapping: 0.054900 ms MarkObjects: 1.997900 ms  DeleteObjects: 0.456000 ms)

========================================================================
Received Prepare
Registering precompiled user dll's ...
Registered in 0.001521 seconds.
Begin MonoManager ReloadAssembly
Native extension for WindowsStandalone target not found
Refreshing native plugins compatible for Editor in 0.35 ms, found 0 plugins.
Preloading 0 native plugins for Editor in 0.00 ms.
Invoked RoslynAnalysisRunner static constructor.
RoslynAnalysisRunner will not be running.
RoslynAnalysisRunner has terminated.
Mono: successfully reloaded assembly
- Completed reload, in  1.046 seconds
Platform modules already initialized, skipping
Refreshing native plugins compatible for Editor in 0.39 ms, found 0 plugins.
Preloading 0 native plugins for Editor in 0.00 ms.
Unloading 1220 Unused Serialized files (Serialized files now loaded: 0)
System memory in use before: 147.5 MB.
System memory in use after: 147.3 MB.

Unloading 5 unused Assets to reduce memory usage. Loaded Objects now: 1775.
Total: 2.938900 ms (FindLiveObjects: 0.345400 ms CreateObjectMapping: 0.070800 ms MarkObjects: 1.980500 ms  DeleteObjects: 0.540000 ms)

========================================================================
Received Prepare
Registering precompiled user dll's ...
Registered in 0.002208 seconds.
Begin MonoManager ReloadAssembly
Native extension for WindowsStandalone target not found
Refreshing native plugins compatible for Editor in 0.93 ms, found 0 plugins.
Preloading 0 native plugins for Editor in 0.00 ms.
Invoked RoslynAnalysisRunner static constructor.
RoslynAnalysisRunner will not be running.
RoslynAnalysisRunner has terminated.
Mono: successfully reloaded assembly
- Completed reload, in  1.597 seconds
Platform modules already initialized, skipping
Refreshing native plugins compatible for Editor in 0.69 ms, found 0 plugins.
Preloading 0 native plugins for Editor in 0.00 ms.
Unloading 1220 Unused Serialized files (Serialized files now loaded: 0)
System memory in use before: 147.5 MB.
System memory in use after: 147.3 MB.

Unloading 5 unused Assets to reduce memory usage. Loaded Objects now: 1778.
Total: 6.382700 ms (FindLiveObjects: 1.196600 ms CreateObjectMapping: 0.323500 ms MarkObjects: 4.304000 ms  DeleteObjects: 0.553800 ms)

========================================================================
Received Prepare
Registering precompiled user dll's ...
Registered in 0.001496 seconds.
Begin MonoManager ReloadAssembly
Native extension for WindowsStandalone target not found
Refreshing native plugins compatible for Editor in 0.63 ms, found 0 plugins.
Preloading 0 native plugins for Editor in 0.00 ms.
Invoked RoslynAnalysisRunner static constructor.
RoslynAnalysisRunner will not be running.
RoslynAnalysisRunner has terminated.
Mono: successfully reloaded assembly
- Completed reload, in  1.125 seconds
Platform modules already initialized, skipping
Refreshing native plugins compatible for Editor in 0.43 ms, found 0 plugins.
Preloading 0 native plugins for Editor in 0.00 ms.
Unloading 1220 Unused Serialized files (Serialized files now loaded: 0)
System memory in use before: 147.5 MB.
System memory in use after: 147.3 MB.

Unloading 5 unused Assets to reduce memory usage. Loaded Objects now: 1781.
Total: 2.711100 ms (FindLiveObjects: 0.221800 ms CreateObjectMapping: 0.056500 ms MarkObjects: 1.984400 ms  DeleteObjects: 0.446800 ms)

========================================================================
Received Prepare
Registering precompiled user dll's ...
Registered in 0.001254 seconds.
Begin MonoManager ReloadAssembly
Native extension for WindowsStandalone target not found
Refreshing native plugins compatible for Editor in 0.40 ms, found 0 plugins.
Preloading 0 native plugins for Editor in 0.00 ms.
Invoked RoslynAnalysisRunner static constructor.
RoslynAnalysisRunner will not be running.
RoslynAnalysisRunner has terminated.
Mono: successfully reloaded assembly
- Completed reload, in  1.107 seconds
Platform modules already initialized, skipping
Refreshing native plugins compatible for Editor in 0.54 ms, found 0 plugins.
Preloading 0 native plugins for Editor in 0.00 ms.
Unloading 1220 Unused Serialized files (Serialized files now loaded: 0)
System memory in use before: 147.5 MB.
System memory in use after: 147.3 MB.

Unloading 5 unused Assets to reduce memory usage. Loaded Objects now: 1784.
Total: 2.664300 ms (FindLiveObjects: 0.220300 ms CreateObjectMapping: 0.053600 ms MarkObjects: 1.931400 ms  DeleteObjects: 0.457100 ms)

========================================================================
Received Prepare
Registering precompiled user dll's ...
Registered in 0.001666 seconds.
Begin MonoManager ReloadAssembly
Native extension for WindowsStandalone target not found
Refreshing native plugins compatible for Editor in 0.51 ms, found 0 plugins.
Preloading 0 native plugins for Editor in 0.00 ms.
Invoked RoslynAnalysisRunner static constructor.
RoslynAnalysisRunner will not be running.
RoslynAnalysisRunner has terminated.
Mono: successfully reloaded assembly
- Completed reload, in  1.164 seconds
Platform modules already initialized, skipping
Refreshing native plugins compatible for Editor in 0.38 ms, found 0 plugins.
Preloading 0 native plugins for Editor in 0.00 ms.
Unloading 1220 Unused Serialized files (Serialized files now loaded: 0)
System memory in use before: 147.5 MB.
System memory in use after: 147.3 MB.

Unloading 5 unused Assets to reduce memory usage. Loaded Objects now: 1787.
Total: 3.518900 ms (FindLiveObjects: 0.336600 ms CreateObjectMapping: 0.081600 ms MarkObjects: 2.612600 ms  DeleteObjects: 0.486300 ms)

========================================================================
Received Prepare
Registering precompiled user dll's ...
Registered in 0.001074 seconds.
Begin MonoManager ReloadAssembly
Native extension for WindowsStandalone target not found
Refreshing native plugins compatible for Editor in 0.37 ms, found 0 plugins.
Preloading 0 native plugins for Editor in 0.00 ms.
Invoked RoslynAnalysisRunner static constructor.
RoslynAnalysisRunner will not be running.
RoslynAnalysisRunner has terminated.
Mono: successfully reloaded assembly
- Completed reload, in  1.106 seconds
Platform modules already initialized, skipping
Refreshing native plugins compatible for Editor in 0.35 ms, found 0 plugins.
Preloading 0 native plugins for Editor in 0.00 ms.
Unloading 1220 Unused Serialized files (Serialized files now loaded: 0)
System memory in use before: 147.5 MB.
System memory in use after: 147.3 MB.

Unloading 5 unused Assets to reduce memory usage. Loaded Objects now: 1790.
Total: 2.575100 ms (FindLiveObjects: 0.197600 ms CreateObjectMapping: 0.051500 ms MarkObjects: 1.924600 ms  DeleteObjects: 0.400200 ms)

========================================================================
Received Prepare
Registering precompiled user dll's ...
Registered in 0.001086 seconds.
Begin MonoManager ReloadAssembly
Native extension for WindowsStandalone target not found
Refreshing native plugins compatible for Editor in 0.33 ms, found 0 plugins.
Preloading 0 native plugins for Editor in 0.00 ms.
Invoked RoslynAnalysisRunner static constructor.
RoslynAnalysisRunner will not be running.
RoslynAnalysisRunner has terminated.
Mono: successfully reloaded assembly
- Completed reload, in  0.877 seconds
Platform modules already initialized, skipping
Refreshing native plugins compatible for Editor in 0.40 ms, found 0 plugins.
Preloading 0 native plugins for Editor in 0.00 ms.
Unloading 1220 Unused Serialized files (Serialized files now loaded: 0)
System memory in use before: 147.5 MB.
System memory in use after: 147.4 MB.

Unloading 5 unused Assets to reduce memory usage. Loaded Objects now: 1793.
Total: 2.900500 ms (FindLiveObjects: 0.552000 ms CreateObjectMapping: 0.056200 ms MarkObjects: 1.819700 ms  DeleteObjects: 0.468900 ms)

========================================================================
Received Prepare
Registering precompiled user dll's ...
Registered in 0.001057 seconds.
Begin MonoManager ReloadAssembly
Native extension for WindowsStandalone target not found
Refreshing native plugins compatible for Editor in 0.33 ms, found 0 plugins.
Preloading 0 native plugins for Editor in 0.00 ms.
Invoked RoslynAnalysisRunner static constructor.
RoslynAnalysisRunner will not be running.
RoslynAnalysisRunner has terminated.
Mono: successfully reloaded assembly
- Completed reload, in  1.113 seconds
Platform modules already initialized, skipping
Refreshing native plugins compatible for Editor in 0.32 ms, found 0 plugins.
Preloading 0 native plugins for Editor in 0.00 ms.
Unloading 1220 Unused Serialized files (Serialized files now loaded: 0)
System memory in use before: 147.6 MB.
System memory in use after: 147.4 MB.

Unloading 5 unused Assets to reduce memory usage. Loaded Objects now: 1796.
Total: 3.095100 ms (FindLiveObjects: 0.425600 ms CreateObjectMapping: 0.187700 ms MarkObjects: 2.058700 ms  DeleteObjects: 0.420900 ms)

========================================================================
Received Prepare
Registering precompiled user dll's ...
Registered in 0.002101 seconds.
Begin MonoManager ReloadAssembly
Native extension for WindowsStandalone target not found
Refreshing native plugins compatible for Editor in 0.33 ms, found 0 plugins.
Preloading 0 native plugins for Editor in 0.00 ms.
Invoked RoslynAnalysisRunner static constructor.
RoslynAnalysisRunner will not be running.
RoslynAnalysisRunner has terminated.
Mono: successfully reloaded assembly
- Completed reload, in  0.893 seconds
Platform modules already initialized, skipping
Refreshing native plugins compatible for Editor in 0.34 ms, found 0 plugins.
Preloading 0 native plugins for Editor in 0.00 ms.
Unloading 1220 Unused Serialized files (Serialized files now loaded: 0)
System memory in use before: 147.6 MB.
System memory in use after: 147.4 MB.

Unloading 5 unused Assets to reduce memory usage. Loaded Objects now: 1799.
Total: 2.765100 ms (FindLiveObjects: 0.353800 ms CreateObjectMapping: 0.119300 ms MarkObjects: 1.882600 ms  DeleteObjects: 0.407700 ms)

========================================================================
Received Prepare
Registering precompiled user dll's ...
Registered in 0.001425 seconds.
Begin MonoManager ReloadAssembly
Native extension for WindowsStandalone target not found
Refreshing native plugins compatible for Editor in 0.33 ms, found 0 plugins.
Preloading 0 native plugins for Editor in 0.00 ms.
Invoked RoslynAnalysisRunner static constructor.
RoslynAnalysisRunner will not be running.
RoslynAnalysisRunner has terminated.
Mono: successfully reloaded assembly
- Completed reload, in  0.922 seconds
Platform modules already initialized, skipping
Refreshing native plugins compatible for Editor in 0.38 ms, found 0 plugins.
Preloading 0 native plugins for Editor in 0.00 ms.
Unloading 1220 Unused Serialized files (Serialized files now loaded: 0)
System memory in use before: 147.6 MB.
System memory in use after: 147.4 MB.

Unloading 5 unused Assets to reduce memory usage. Loaded Objects now: 1802.
Total: 2.567600 ms (FindLiveObjects: 0.277300 ms CreateObjectMapping: 0.083300 ms MarkObjects: 1.823800 ms  DeleteObjects: 0.382000 ms)

========================================================================
Received Prepare
Registering precompiled user dll's ...
Registered in 0.001063 seconds.
Begin MonoManager ReloadAssembly
Native extension for WindowsStandalone target not found
Refreshing native plugins compatible for Editor in 0.34 ms, found 0 plugins.
Preloading 0 native plugins for Editor in 0.00 ms.
Invoked RoslynAnalysisRunner static constructor.
RoslynAnalysisRunner will not be running.
RoslynAnalysisRunner has terminated.
Mono: successfully reloaded assembly
- Completed reload, in  0.863 seconds
Platform modules already initialized, skipping
Refreshing native plugins compatible for Editor in 0.46 ms, found 0 plugins.
Preloading 0 native plugins for Editor in 0.00 ms.
Unloading 1220 Unused Serialized files (Serialized files now loaded: 0)
System memory in use before: 147.6 MB.
System memory in use after: 147.4 MB.

Unloading 5 unused Assets to reduce memory usage. Loaded Objects now: 1805.
Total: 2.920000 ms (FindLiveObjects: 0.315000 ms CreateObjectMapping: 0.108700 ms MarkObjects: 2.068500 ms  DeleteObjects: 0.426200 ms)

========================================================================
Received Prepare
Registering precompiled user dll's ...
Registered in 0.001485 seconds.
Begin MonoManager ReloadAssembly
Native extension for WindowsStandalone target not found
Refreshing native plugins compatible for Editor in 0.33 ms, found 0 plugins.
Preloading 0 native plugins for Editor in 0.00 ms.
Invoked RoslynAnalysisRunner static constructor.
RoslynAnalysisRunner will not be running.
RoslynAnalysisRunner has terminated.
Mono: successfully reloaded assembly
- Completed reload, in  0.888 seconds
Platform modules already initialized, skipping
Refreshing native plugins compatible for Editor in 0.34 ms, found 0 plugins.
Preloading 0 native plugins for Editor in 0.00 ms.
Unloading 1220 Unused Serialized files (Serialized files now loaded: 0)
System memory in use before: 147.6 MB.
System memory in use after: 147.4 MB.

Unloading 5 unused Assets to reduce memory usage. Loaded Objects now: 1808.
Total: 2.425600 ms (FindLiveObjects: 0.216500 ms CreateObjectMapping: 0.064700 ms MarkObjects: 1.752900 ms  DeleteObjects: 0.389800 ms)

========================================================================
Received Import Request.
  Time since last request: 529.441936 seconds.
  path: Assets/Materials/PaintSplatter_Material.mat
  artifactKey: Guid(56153f42b1d9ae844a40f53666abbd20) Importer(815301076,1909f56bfc062723c751e8b465ee728b)
Start importing Assets/Materials/PaintSplatter_Material.mat using Guid(56153f42b1d9ae844a40f53666abbd20) Importer(815301076,1909f56bfc062723c751e8b465ee728b)  -> (artifact id: '5a98aef7d2185e525da18034e1b2675c') in 0.105496 seconds
  Import took 0.109457 seconds .

========================================================================
Received Import Request.
  Time since last request: 0.004158 seconds.
  path: Assets/Materials/PaintSplatter_Material.mat
  artifactKey: Guid(56153f42b1d9ae844a40f53666abbd20) Importer(815301076,1909f56bfc062723c751e8b465ee728b)
Start importing Assets/Materials/PaintSplatter_Material.mat using Guid(56153f42b1d9ae844a40f53666abbd20) Importer(815301076,1909f56bfc062723c751e8b465ee728b)  -> (artifact id: '5a98aef7d2185e525da18034e1b2675c') in 0.010446 seconds
  Import took 0.013269 seconds .

========================================================================
Received Prepare
Registering precompiled user dll's ...
Registered in 0.001213 seconds.
Begin MonoManager ReloadAssembly
Native extension for WindowsStandalone target not found
Refreshing native plugins compatible for Editor in 0.37 ms, found 0 plugins.
Preloading 0 native plugins for Editor in 0.00 ms.
Invoked RoslynAnalysisRunner static constructor.
RoslynAnalysisRunner will not be running.
RoslynAnalysisRunner has terminated.
Mono: successfully reloaded assembly
- Completed reload, in  0.888 seconds
Platform modules already initialized, skipping
Refreshing native plugins compatible for Editor in 0.35 ms, found 0 plugins.
Preloading 0 native plugins for Editor in 0.00 ms.
Unloading 1220 Unused Serialized files (Serialized files now loaded: 0)
System memory in use before: 147.8 MB.
System memory in use after: 147.6 MB.

Unloading 5 unused Assets to reduce memory usage. Loaded Objects now: 1845.
Total: 2.292700 ms (FindLiveObjects: 0.258600 ms CreateObjectMapping: 0.053000 ms MarkObjects: 1.604500 ms  DeleteObjects: 0.374600 ms)

========================================================================
Received Prepare
Registering precompiled user dll's ...
Registered in 0.001097 seconds.
Begin MonoManager ReloadAssembly
Native extension for WindowsStandalone target not found
Refreshing native plugins compatible for Editor in 0.71 ms, found 0 plugins.
Preloading 0 native plugins for Editor in 0.00 ms.
Invoked RoslynAnalysisRunner static constructor.
RoslynAnalysisRunner will not be running.
RoslynAnalysisRunner has terminated.
Mono: successfully reloaded assembly
- Completed reload, in  0.875 seconds
Platform modules already initialized, skipping
Refreshing native plugins compatible for Editor in 0.36 ms, found 0 plugins.
Preloading 0 native plugins for Editor in 0.00 ms.
Unloading 1220 Unused Serialized files (Serialized files now loaded: 0)
System memory in use before: 147.8 MB.
System memory in use after: 147.6 MB.

Unloading 5 unused Assets to reduce memory usage. Loaded Objects now: 1848.
Total: 2.879700 ms (FindLiveObjects: 0.228400 ms CreateObjectMapping: 0.062500 ms MarkObjects: 2.139800 ms  DeleteObjects: 0.447400 ms)

========================================================================
Received Prepare
Registering precompiled user dll's ...
Registered in 0.001091 seconds.
Begin MonoManager ReloadAssembly
Native extension for WindowsStandalone target not found
Refreshing native plugins compatible for Editor in 0.53 ms, found 0 plugins.
Preloading 0 native plugins for Editor in 0.00 ms.
Invoked RoslynAnalysisRunner static constructor.
RoslynAnalysisRunner will not be running.
RoslynAnalysisRunner has terminated.
Mono: successfully reloaded assembly
- Completed reload, in  0.927 seconds
Platform modules already initialized, skipping
Refreshing native plugins compatible for Editor in 0.34 ms, found 0 plugins.
Preloading 0 native plugins for Editor in 0.00 ms.
Unloading 1220 Unused Serialized files (Serialized files now loaded: 0)
System memory in use before: 147.8 MB.
System memory in use after: 147.6 MB.

Unloading 5 unused Assets to reduce memory usage. Loaded Objects now: 1851.
Total: 3.557100 ms (FindLiveObjects: 0.383800 ms CreateObjectMapping: 0.155600 ms MarkObjects: 2.556900 ms  DeleteObjects: 0.458000 ms)

========================================================================
Received Prepare
Registering precompiled user dll's ...
Registered in 0.001063 seconds.
Begin MonoManager ReloadAssembly
Native extension for WindowsStandalone target not found
Refreshing native plugins compatible for Editor in 0.33 ms, found 0 plugins.
Preloading 0 native plugins for Editor in 0.00 ms.
Invoked RoslynAnalysisRunner static constructor.
RoslynAnalysisRunner will not be running.
RoslynAnalysisRunner has terminated.
Mono: successfully reloaded assembly
- Completed reload, in  0.813 seconds
Platform modules already initialized, skipping
Refreshing native plugins compatible for Editor in 0.31 ms, found 0 plugins.
Preloading 0 native plugins for Editor in 0.00 ms.
Unloading 1220 Unused Serialized files (Serialized files now loaded: 0)
System memory in use before: 147.8 MB.
System memory in use after: 147.6 MB.

Unloading 5 unused Assets to reduce memory usage. Loaded Objects now: 1854.
Total: 2.479500 ms (FindLiveObjects: 0.208200 ms CreateObjectMapping: 0.055300 ms MarkObjects: 1.815800 ms  DeleteObjects: 0.398900 ms)

========================================================================
Received Import Request.
  Time since last request: 1404.685295 seconds.
  path: Assets/Prefab/Splatter.prefab
  artifactKey: Guid(998ac89905c784844a78504be95380ff) Importer(815301076,1909f56bfc062723c751e8b465ee728b)
Start importing Assets/Prefab/Splatter.prefab using Guid(998ac89905c784844a78504be95380ff) Importer(815301076,1909f56bfc062723c751e8b465ee728b)  -> (artifact id: '1d0479701b8b8da60f0fa71f51382e92') in 0.073997 seconds
  Import took 0.078098 seconds .

========================================================================
Received Import Request.
  Time since last request: 0.049330 seconds.
  path: Assets/Prefab/PaintSplatter.prefab
  artifactKey: Guid(3a77bd654f290db40a54fad08b03472e) Importer(815301076,1909f56bfc062723c751e8b465ee728b)
Start importing Assets/Prefab/PaintSplatter.prefab using Guid(3a77bd654f290db40a54fad08b03472e) Importer(815301076,1909f56bfc062723c751e8b465ee728b)  -> (artifact id: '86ccf8eda080ced4bf0c42bbe2fa2539') in 0.013322 seconds
  Import took 0.018858 seconds .

========================================================================
Received Import Request.
  Time since last request: 21.561314 seconds.
  path: Assets/Prefab/Paintball.prefab
  artifactKey: Guid(37e2d431521dc4c4caee73722fe60a89) Importer(815301076,1909f56bfc062723c751e8b465ee728b)
Start importing Assets/Prefab/Paintball.prefab using Guid(37e2d431521dc4c4caee73722fe60a89) Importer(815301076,1909f56bfc062723c751e8b465ee728b)  -> (artifact id: '2eee760ba435ecc4516949536151d504') in 0.011801 seconds
  Import took 0.014863 seconds .

========================================================================
Received Import Request.
  Time since last request: 0.007187 seconds.
  path: Assets/Prefab/Paintball.prefab
  artifactKey: Guid(37e2d431521dc4c4caee73722fe60a89) Importer(815301076,1909f56bfc062723c751e8b465ee728b)
Start importing Assets/Prefab/Paintball.prefab using Guid(37e2d431521dc4c4caee73722fe60a89) Importer(815301076,1909f56bfc062723c751e8b465ee728b)  -> (artifact id: '2eee760ba435ecc4516949536151d504') in 0.012762 seconds
  Import took 0.016147 seconds .

========================================================================
Received Prepare
Registering precompiled user dll's ...
Registered in 0.001760 seconds.
Begin MonoManager ReloadAssembly
Native extension for WindowsStandalone target not found
Refreshing native plugins compatible for Editor in 0.35 ms, found 0 plugins.
Preloading 0 native plugins for Editor in 0.00 ms.
Invoked RoslynAnalysisRunner static constructor.
RoslynAnalysisRunner will not be running.
RoslynAnalysisRunner has terminated.
Mono: successfully reloaded assembly
- Completed reload, in  0.875 seconds
Platform modules already initialized, skipping
Refreshing native plugins compatible for Editor in 0.34 ms, found 0 plugins.
Preloading 0 native plugins for Editor in 0.00 ms.
Unloading 1220 Unused Serialized files (Serialized files now loaded: 0)
System memory in use before: 147.8 MB.
System memory in use after: 147.7 MB.

Unloading 6 unused Assets to reduce memory usage. Loaded Objects now: 1858.
Total: 2.733700 ms (FindLiveObjects: 0.293600 ms CreateObjectMapping: 0.161900 ms MarkObjects: 1.865500 ms  DeleteObjects: 0.410700 ms)

========================================================================
Received Prepare
Registering precompiled user dll's ...
Registered in 0.001154 seconds.
Begin MonoManager ReloadAssembly
Native extension for WindowsStandalone target not found
Refreshing native plugins compatible for Editor in 0.51 ms, found 0 plugins.
Preloading 0 native plugins for Editor in 0.00 ms.
Invoked RoslynAnalysisRunner static constructor.
RoslynAnalysisRunner will not be running.
RoslynAnalysisRunner has terminated.
Mono: successfully reloaded assembly
- Completed reload, in  1.205 seconds
Platform modules already initialized, skipping
Refreshing native plugins compatible for Editor in 0.54 ms, found 0 plugins.
Preloading 0 native plugins for Editor in 0.00 ms.
Unloading 1220 Unused Serialized files (Serialized files now loaded: 0)
System memory in use before: 147.8 MB.
System memory in use after: 147.7 MB.

Unloading 5 unused Assets to reduce memory usage. Loaded Objects now: 1861.
Total: 3.545200 ms (FindLiveObjects: 0.592100 ms CreateObjectMapping: 0.129000 ms MarkObjects: 2.317100 ms  DeleteObjects: 0.503400 ms)

========================================================================
Received Import Request.
  Time since last request: 27.432415 seconds.
  path: Assets/Prefab/PaintSplatter.prefab
  artifactKey: Guid(3a77bd654f290db40a54fad08b03472e) Importer(815301076,1909f56bfc062723c751e8b465ee728b)
Start importing Assets/Prefab/PaintSplatter.prefab using Guid(3a77bd654f290db40a54fad08b03472e) Importer(815301076,1909f56bfc062723c751e8b465ee728b)  -> (artifact id: '74a1f45e981527b7e766b3a329aefed5') in 0.079085 seconds
  Import took 0.088358 seconds .

========================================================================
Received Import Request.
  Time since last request: 0.000298 seconds.
  path: Assets/Prefab/Splatter.prefab
  artifactKey: Guid(998ac89905c784844a78504be95380ff) Importer(815301076,1909f56bfc062723c751e8b465ee728b)
Start importing Assets/Prefab/Splatter.prefab using Guid(998ac89905c784844a78504be95380ff) Importer(815301076,1909f56bfc062723c751e8b465ee728b)  -> (artifact id: 'da4afc66d779c7c3bb33a4f4d0dd9046') in 0.011478 seconds
  Import took 0.014677 seconds .

========================================================================
Received Prepare
Registering precompiled user dll's ...
Registered in 0.001390 seconds.
Begin MonoManager ReloadAssembly
Native extension for WindowsStandalone target not found
Refreshing native plugins compatible for Editor in 0.34 ms, found 0 plugins.
Preloading 0 native plugins for Editor in 0.00 ms.
Invoked RoslynAnalysisRunner static constructor.
RoslynAnalysisRunner will not be running.
RoslynAnalysisRunner has terminated.
Mono: successfully reloaded assembly
- Completed reload, in  0.852 seconds
Platform modules already initialized, skipping
Refreshing native plugins compatible for Editor in 0.34 ms, found 0 plugins.
Preloading 0 native plugins for Editor in 0.00 ms.
Unloading 1220 Unused Serialized files (Serialized files now loaded: 0)
System memory in use before: 147.9 MB.
System memory in use after: 147.7 MB.

Unloading 5 unused Assets to reduce memory usage. Loaded Objects now: 1865.
Total: 2.401600 ms (FindLiveObjects: 0.203100 ms CreateObjectMapping: 0.070200 ms MarkObjects: 1.719000 ms  DeleteObjects: 0.407700 ms)

========================================================================
Received Prepare
Registering precompiled user dll's ...
Registered in 0.001252 seconds.
Begin MonoManager ReloadAssembly
Native extension for WindowsStandalone target not found
Refreshing native plugins compatible for Editor in 0.55 ms, found 0 plugins.
Preloading 0 native plugins for Editor in 0.00 ms.
Invoked RoslynAnalysisRunner static constructor.
RoslynAnalysisRunner will not be running.
RoslynAnalysisRunner has terminated.
Mono: successfully reloaded assembly
- Completed reload, in  1.225 seconds
Platform modules already initialized, skipping
Refreshing native plugins compatible for Editor in 0.50 ms, found 0 plugins.
Preloading 0 native plugins for Editor in 0.00 ms.
Unloading 1220 Unused Serialized files (Serialized files now loaded: 0)
System memory in use before: 147.9 MB.
System memory in use after: 147.7 MB.

Unloading 5 unused Assets to reduce memory usage. Loaded Objects now: 1868.
Total: 3.633000 ms (FindLiveObjects: 0.262500 ms CreateObjectMapping: 0.070600 ms MarkObjects: 2.850700 ms  DeleteObjects: 0.446900 ms)

========================================================================
Received Prepare
Registering precompiled user dll's ...
Registered in 0.001251 seconds.
Begin MonoManager ReloadAssembly
Native extension for WindowsStandalone target not found
Refreshing native plugins compatible for Editor in 0.37 ms, found 0 plugins.
Preloading 0 native plugins for Editor in 0.00 ms.
Invoked RoslynAnalysisRunner static constructor.
RoslynAnalysisRunner will not be running.
RoslynAnalysisRunner has terminated.
Mono: successfully reloaded assembly
- Completed reload, in  0.931 seconds
Platform modules already initialized, skipping
Refreshing native plugins compatible for Editor in 0.35 ms, found 0 plugins.
Preloading 0 native plugins for Editor in 0.00 ms.
Unloading 1220 Unused Serialized files (Serialized files now loaded: 0)
System memory in use before: 147.9 MB.
System memory in use after: 147.7 MB.

Unloading 5 unused Assets to reduce memory usage. Loaded Objects now: 1871.
Total: 3.499600 ms (FindLiveObjects: 0.236300 ms CreateObjectMapping: 0.060900 ms MarkObjects: 2.630600 ms  DeleteObjects: 0.570200 ms)

========================================================================
Received Prepare
Registering precompiled user dll's ...
Registered in 0.001411 seconds.
Begin MonoManager ReloadAssembly
Native extension for WindowsStandalone target not found
Refreshing native plugins compatible for Editor in 0.36 ms, found 0 plugins.
Preloading 0 native plugins for Editor in 0.00 ms.
Invoked RoslynAnalysisRunner static constructor.
RoslynAnalysisRunner will not be running.
RoslynAnalysisRunner has terminated.
Mono: successfully reloaded assembly
- Completed reload, in  0.826 seconds
Platform modules already initialized, skipping
Refreshing native plugins compatible for Editor in 0.34 ms, found 0 plugins.
Preloading 0 native plugins for Editor in 0.00 ms.
Unloading 1220 Unused Serialized files (Serialized files now loaded: 0)
System memory in use before: 147.9 MB.
System memory in use after: 147.7 MB.

Unloading 5 unused Assets to reduce memory usage. Loaded Objects now: 1874.
Total: 2.888200 ms (FindLiveObjects: 0.258100 ms CreateObjectMapping: 0.087400 ms MarkObjects: 2.060400 ms  DeleteObjects: 0.480500 ms)

========================================================================
Received Import Request.
  Time since last request: 329.157635 seconds.
  path: Assets/Prefab/PaintSplatter.prefab
  artifactKey: Guid(3a77bd654f290db40a54fad08b03472e) Importer(815301076,1909f56bfc062723c751e8b465ee728b)
Start importing Assets/Prefab/PaintSplatter.prefab using Guid(3a77bd654f290db40a54fad08b03472e) Importer(815301076,1909f56bfc062723c751e8b465ee728b)  -> (artifact id: '906777550d7da0d1ded06d210cb5eaf7') in 0.035424 seconds
  Import took 0.039489 seconds .

========================================================================
Received Prepare
Registering precompiled user dll's ...
Registered in 0.001037 seconds.
Begin MonoManager ReloadAssembly
Native extension for WindowsStandalone target not found
Refreshing native plugins compatible for Editor in 0.34 ms, found 0 plugins.
Preloading 0 native plugins for Editor in 0.00 ms.
Invoked RoslynAnalysisRunner static constructor.
RoslynAnalysisRunner will not be running.
RoslynAnalysisRunner has terminated.
Mono: successfully reloaded assembly
- Completed reload, in  0.838 seconds
Platform modules already initialized, skipping
Refreshing native plugins compatible for Editor in 0.34 ms, found 0 plugins.
Preloading 0 native plugins for Editor in 0.00 ms.
Unloading 1220 Unused Serialized files (Serialized files now loaded: 0)
System memory in use before: 147.9 MB.
System memory in use after: 147.7 MB.

Unloading 5 unused Assets to reduce memory usage. Loaded Objects now: 1877.
Total: 2.224000 ms (FindLiveObjects: 0.181900 ms CreateObjectMapping: 0.047500 ms MarkObjects: 1.611800 ms  DeleteObjects: 0.381300 ms)

========================================================================
Received Import Request.
  Time since last request: 115.536203 seconds.
  path: Assets/Materials/PaintSplatter_Texture.mat
  artifactKey: Guid(f5a036771c759b142951b0d46fc9e71f) Importer(815301076,1909f56bfc062723c751e8b465ee728b)
Start importing Assets/Materials/PaintSplatter_Texture.mat using Guid(f5a036771c759b142951b0d46fc9e71f) Importer(815301076,1909f56bfc062723c751e8b465ee728b)  -> (artifact id: '63aae45172e2792661f97725f12b4812') in 0.064474 seconds
  Import took 0.068488 seconds .

========================================================================
Received Import Request.
  Time since last request: 57.318324 seconds.
  path: Assets/Prefab/PaintSplatter.prefab
  artifactKey: Guid(3a77bd654f290db40a54fad08b03472e) Importer(815301076,1909f56bfc062723c751e8b465ee728b)
Start importing Assets/Prefab/PaintSplatter.prefab using Guid(3a77bd654f290db40a54fad08b03472e) Importer(815301076,1909f56bfc062723c751e8b465ee728b)  -> (artifact id: 'd438eca7a04159e4fe66ecf3ce0be68c') in 0.026809 seconds
  Import took 0.029758 seconds .

========================================================================
Received Import Request.
  Time since last request: 0.000823 seconds.
  path: Assets/Prefab/PaintSplatter.prefab
  artifactKey: Guid(3a77bd654f290db40a54fad08b03472e) Importer(815301076,1909f56bfc062723c751e8b465ee728b)
Start importing Assets/Prefab/PaintSplatter.prefab using Guid(3a77bd654f290db40a54fad08b03472e) Importer(815301076,1909f56bfc062723c751e8b465ee728b)  -> (artifact id: 'd438eca7a04159e4fe66ecf3ce0be68c') in 0.013906 seconds
  Import took 0.017012 seconds .

========================================================================
Received Import Request.
  Time since last request: 18.062822 seconds.
  path: Assets/Prefab/PaintSplatter 1.prefab
  artifactKey: Guid(56510b0fffdeff947a5cd67a06de3477) Importer(815301076,1909f56bfc062723c751e8b465ee728b)
Start importing Assets/Prefab/PaintSplatter 1.prefab using Guid(56510b0fffdeff947a5cd67a06de3477) Importer(815301076,1909f56bfc062723c751e8b465ee728b)  -> (artifact id: '049170f366ed44940eab399ce7c73188') in 0.012487 seconds
  Import took 0.016309 seconds .

========================================================================
Received Import Request.
  Time since last request: 74.033905 seconds.
  path: Assets/Prefab/PaintSplatter.prefab
  artifactKey: Guid(56510b0fffdeff947a5cd67a06de3477) Importer(815301076,1909f56bfc062723c751e8b465ee728b)
Start importing Assets/Prefab/PaintSplatter.prefab using Guid(56510b0fffdeff947a5cd67a06de3477) Importer(815301076,1909f56bfc062723c751e8b465ee728b)  -> (artifact id: '052dd8d0bce9419fb910485260f41487') in 0.010713 seconds
  Import took 0.013698 seconds .

========================================================================
Received Import Request.
  Time since last request: 8.523721 seconds.
  path: Assets/Prefab/Paintball.prefab
  artifactKey: Guid(37e2d431521dc4c4caee73722fe60a89) Importer(815301076,1909f56bfc062723c751e8b465ee728b)
Start importing Assets/Prefab/Paintball.prefab using Guid(37e2d431521dc4c4caee73722fe60a89) Importer(815301076,1909f56bfc062723c751e8b465ee728b)  -> (artifact id: '6b0fe01a2887c01823f416879711ca87') in 0.012223 seconds
  Import took 0.016685 seconds .

========================================================================
Received Import Request.
  Time since last request: 0.013813 seconds.
  path: Assets/Prefab/Paintball.prefab
  artifactKey: Guid(37e2d431521dc4c4caee73722fe60a89) Importer(815301076,1909f56bfc062723c751e8b465ee728b)
Start importing Assets/Prefab/Paintball.prefab using Guid(37e2d431521dc4c4caee73722fe60a89) Importer(815301076,1909f56bfc062723c751e8b465ee728b)  -> (artifact id: '6b0fe01a2887c01823f416879711ca87') in 0.014845 seconds
  Import took 0.018149 seconds .

========================================================================
Received Prepare
Registering precompiled user dll's ...
Registered in 0.001646 seconds.
Begin MonoManager ReloadAssembly
Native extension for WindowsStandalone target not found
Refreshing native plugins compatible for Editor in 0.34 ms, found 0 plugins.
Preloading 0 native plugins for Editor in 0.00 ms.
Invoked RoslynAnalysisRunner static constructor.
RoslynAnalysisRunner will not be running.
RoslynAnalysisRunner has terminated.
Mono: successfully reloaded assembly
- Completed reload, in  0.852 seconds
Platform modules already initialized, skipping
Refreshing native plugins compatible for Editor in 0.33 ms, found 0 plugins.
Preloading 0 native plugins for Editor in 0.00 ms.
Unloading 1220 Unused Serialized files (Serialized files now loaded: 0)
System memory in use before: 147.9 MB.
System memory in use after: 147.7 MB.

Unloading 6 unused Assets to reduce memory usage. Loaded Objects now: 1881.
Total: 2.358500 ms (FindLiveObjects: 0.188300 ms CreateObjectMapping: 0.059800 ms MarkObjects: 1.711400 ms  DeleteObjects: 0.397800 ms)

========================================================================
Received Prepare
Registering precompiled user dll's ...
Registered in 0.001036 seconds.
Begin MonoManager ReloadAssembly
Native extension for WindowsStandalone target not found
Refreshing native plugins compatible for Editor in 0.33 ms, found 0 plugins.
Preloading 0 native plugins for Editor in 0.00 ms.
Invoked RoslynAnalysisRunner static constructor.
RoslynAnalysisRunner will not be running.
RoslynAnalysisRunner has terminated.
Mono: successfully reloaded assembly
- Completed reload, in  0.941 seconds
Platform modules already initialized, skipping
Refreshing native plugins compatible for Editor in 0.32 ms, found 0 plugins.
Preloading 0 native plugins for Editor in 0.00 ms.
Unloading 1220 Unused Serialized files (Serialized files now loaded: 0)
System memory in use before: 147.9 MB.
System memory in use after: 147.7 MB.

Unloading 5 unused Assets to reduce memory usage. Loaded Objects now: 1884.
Total: 2.530800 ms (FindLiveObjects: 0.224200 ms CreateObjectMapping: 0.045300 ms MarkObjects: 1.872300 ms  DeleteObjects: 0.387700 ms)

========================================================================
Received Prepare
Registering precompiled user dll's ...
Registered in 0.001124 seconds.
Begin MonoManager ReloadAssembly
Native extension for WindowsStandalone target not found
Refreshing native plugins compatible for Editor in 0.36 ms, found 0 plugins.
Preloading 0 native plugins for Editor in 0.00 ms.
Invoked RoslynAnalysisRunner static constructor.
RoslynAnalysisRunner will not be running.
RoslynAnalysisRunner has terminated.
Mono: successfully reloaded assembly
- Completed reload, in  1.081 seconds
Platform modules already initialized, skipping
Refreshing native plugins compatible for Editor in 0.74 ms, found 0 plugins.
Preloading 0 native plugins for Editor in 0.00 ms.
Unloading 1220 Unused Serialized files (Serialized files now loaded: 0)
System memory in use before: 147.9 MB.
System memory in use after: 147.7 MB.

Unloading 5 unused Assets to reduce memory usage. Loaded Objects now: 1887.
Total: 3.104500 ms (FindLiveObjects: 0.290400 ms CreateObjectMapping: 0.066900 ms MarkObjects: 2.044100 ms  DeleteObjects: 0.700300 ms)

========================================================================
Received Prepare
Registering precompiled user dll's ...
Registered in 0.001044 seconds.
Begin MonoManager ReloadAssembly
Native extension for WindowsStandalone target not found
Refreshing native plugins compatible for Editor in 0.34 ms, found 0 plugins.
Preloading 0 native plugins for Editor in 0.00 ms.
Invoked RoslynAnalysisRunner static constructor.
RoslynAnalysisRunner will not be running.
RoslynAnalysisRunner has terminated.
Mono: successfully reloaded assembly
- Completed reload, in  0.903 seconds
Platform modules already initialized, skipping
Refreshing native plugins compatible for Editor in 0.32 ms, found 0 plugins.
Preloading 0 native plugins for Editor in 0.00 ms.
Unloading 1220 Unused Serialized files (Serialized files now loaded: 0)
System memory in use before: 147.9 MB.
System memory in use after: 147.7 MB.

Unloading 5 unused Assets to reduce memory usage. Loaded Objects now: 1890.
Total: 2.593200 ms (FindLiveObjects: 0.244300 ms CreateObjectMapping: 0.069100 ms MarkObjects: 1.871900 ms  DeleteObjects: 0.405600 ms)

========================================================================
Received Prepare
Registering precompiled user dll's ...
Registered in 0.001301 seconds.
Begin MonoManager ReloadAssembly
Native extension for WindowsStandalone target not found
Refreshing native plugins compatible for Editor in 0.34 ms, found 0 plugins.
Preloading 0 native plugins for Editor in 0.00 ms.
Invoked RoslynAnalysisRunner static constructor.
RoslynAnalysisRunner will not be running.
RoslynAnalysisRunner has terminated.
Mono: successfully reloaded assembly
- Completed reload, in  0.828 seconds
Platform modules already initialized, skipping
Refreshing native plugins compatible for Editor in 0.34 ms, found 0 plugins.
Preloading 0 native plugins for Editor in 0.00 ms.
Unloading 1220 Unused Serialized files (Serialized files now loaded: 0)
System memory in use before: 147.9 MB.
System memory in use after: 147.7 MB.

Unloading 5 unused Assets to reduce memory usage. Loaded Objects now: 1893.
Total: 2.562900 ms (FindLiveObjects: 0.224400 ms CreateObjectMapping: 0.055900 ms MarkObjects: 1.897400 ms  DeleteObjects: 0.383300 ms)

========================================================================
Received Prepare
Registering precompiled user dll's ...
Registered in 0.001009 seconds.
Begin MonoManager ReloadAssembly
Native extension for WindowsStandalone target not found
Refreshing native plugins compatible for Editor in 0.43 ms, found 0 plugins.
Preloading 0 native plugins for Editor in 0.00 ms.
Invoked RoslynAnalysisRunner static constructor.
RoslynAnalysisRunner will not be running.
RoslynAnalysisRunner has terminated.
Mono: successfully reloaded assembly
- Completed reload, in  0.974 seconds
Platform modules already initialized, skipping
Refreshing native plugins compatible for Editor in 0.52 ms, found 0 plugins.
Preloading 0 native plugins for Editor in 0.00 ms.
Unloading 1220 Unused Serialized files (Serialized files now loaded: 0)
System memory in use before: 147.9 MB.
System memory in use after: 147.7 MB.

Unloading 5 unused Assets to reduce memory usage. Loaded Objects now: 1896.
Total: 2.953600 ms (FindLiveObjects: 0.324800 ms CreateObjectMapping: 0.090900 ms MarkObjects: 2.079200 ms  DeleteObjects: 0.456300 ms)

========================================================================
Received Prepare
Registering precompiled user dll's ...
Registered in 0.001041 seconds.
Begin MonoManager ReloadAssembly
Native extension for WindowsStandalone target not found
Refreshing native plugins compatible for Editor in 0.33 ms, found 0 plugins.
Preloading 0 native plugins for Editor in 0.00 ms.
Invoked RoslynAnalysisRunner static constructor.
RoslynAnalysisRunner will not be running.
RoslynAnalysisRunner has terminated.
Mono: successfully reloaded assembly
- Completed reload, in  0.832 seconds
Platform modules already initialized, skipping
Refreshing native plugins compatible for Editor in 0.35 ms, found 0 plugins.
Preloading 0 native plugins for Editor in 0.00 ms.
Unloading 1220 Unused Serialized files (Serialized files now loaded: 0)
System memory in use before: 147.9 MB.
System memory in use after: 147.7 MB.

Unloading 5 unused Assets to reduce memory usage. Loaded Objects now: 1899.
Total: 2.469600 ms (FindLiveObjects: 0.209000 ms CreateObjectMapping: 0.067800 ms MarkObjects: 1.794300 ms  DeleteObjects: 0.397000 ms)

========================================================================
Received Prepare
Registering precompiled user dll's ...
Registered in 0.001222 seconds.
Begin MonoManager ReloadAssembly
Native extension for WindowsStandalone target not found
Refreshing native plugins compatible for Editor in 0.34 ms, found 0 plugins.
Preloading 0 native plugins for Editor in 0.00 ms.
Invoked RoslynAnalysisRunner static constructor.
RoslynAnalysisRunner will not be running.
RoslynAnalysisRunner has terminated.
Mono: successfully reloaded assembly
- Completed reload, in  0.844 seconds
Platform modules already initialized, skipping
Refreshing native plugins compatible for Editor in 0.35 ms, found 0 plugins.
Preloading 0 native plugins for Editor in 0.00 ms.
Unloading 1220 Unused Serialized files (Serialized files now loaded: 0)
System memory in use before: 147.9 MB.
System memory in use after: 147.7 MB.

Unloading 5 unused Assets to reduce memory usage. Loaded Objects now: 1902.
Total: 2.666600 ms (FindLiveObjects: 0.283000 ms CreateObjectMapping: 0.070000 ms MarkObjects: 1.891600 ms  DeleteObjects: 0.420200 ms)

========================================================================
Received Import Request.
  Time since last request: 275.720312 seconds.
  path: Assets/Prefab/PaintSplatter.prefab
  artifactKey: Guid(56510b0fffdeff947a5cd67a06de3477) Importer(815301076,1909f56bfc062723c751e8b465ee728b)
Start importing Assets/Prefab/PaintSplatter.prefab using Guid(56510b0fffdeff947a5cd67a06de3477) Importer(815301076,1909f56bfc062723c751e8b465ee728b)  -> (artifact id: 'c2da0e21b184e2e9229c0f8025e7eb83') in 0.065310 seconds
  Import took 0.069036 seconds .

========================================================================
Received Import Request.
  Time since last request: 5.793527 seconds.
  path: Assets/Prefab/PaintSplatter.prefab
  artifactKey: Guid(56510b0fffdeff947a5cd67a06de3477) Importer(815301076,1909f56bfc062723c751e8b465ee728b)
Start importing Assets/Prefab/PaintSplatter.prefab using Guid(56510b0fffdeff947a5cd67a06de3477) Importer(815301076,1909f56bfc062723c751e8b465ee728b)  -> (artifact id: '095755ded0ffb46581019c34d2d329f8') in 0.013896 seconds
  Import took 0.017522 seconds .

========================================================================
Received Import Request.
  Time since last request: 3.262823 seconds.
  path: Assets/Prefab/PaintSplatter.prefab
  artifactKey: Guid(56510b0fffdeff947a5cd67a06de3477) Importer(815301076,1909f56bfc062723c751e8b465ee728b)
Start importing Assets/Prefab/PaintSplatter.prefab using Guid(56510b0fffdeff947a5cd67a06de3477) Importer(815301076,1909f56bfc062723c751e8b465ee728b)  -> (artifact id: '722879fed5181c584a04e45bbc4073ad') in 0.015099 seconds
  Import took 0.018191 seconds .

========================================================================
Received Import Request.
  Time since last request: 3.880105 seconds.
  path: Assets/Prefab/PaintSplatter.prefab
  artifactKey: Guid(56510b0fffdeff947a5cd67a06de3477) Importer(815301076,1909f56bfc062723c751e8b465ee728b)
Start importing Assets/Prefab/PaintSplatter.prefab using Guid(56510b0fffdeff947a5cd67a06de3477) Importer(815301076,1909f56bfc062723c751e8b465ee728b)  -> (artifact id: '211659b6edb7674ec5da2a266929e05f') in 0.014405 seconds
  Import took 0.017620 seconds .

========================================================================
Received Import Request.
  Time since last request: 7.053584 seconds.
  path: Assets/Prefab/PaintSplatter.prefab
  artifactKey: Guid(56510b0fffdeff947a5cd67a06de3477) Importer(815301076,1909f56bfc062723c751e8b465ee728b)
Start importing Assets/Prefab/PaintSplatter.prefab using Guid(56510b0fffdeff947a5cd67a06de3477) Importer(815301076,1909f56bfc062723c751e8b465ee728b)  -> (artifact id: '16d914ff5e5be45e9dcd60781d545651') in 0.013548 seconds
  Import took 0.018873 seconds .

========================================================================
Received Prepare
Registering precompiled user dll's ...
Registered in 0.001315 seconds.
Begin MonoManager ReloadAssembly
Native extension for WindowsStandalone target not found
Refreshing native plugins compatible for Editor in 0.33 ms, found 0 plugins.
Preloading 0 native plugins for Editor in 0.00 ms.
Invoked RoslynAnalysisRunner static constructor.
RoslynAnalysisRunner will not be running.
RoslynAnalysisRunner has terminated.
Mono: successfully reloaded assembly
- Completed reload, in  0.833 seconds
Platform modules already initialized, skipping
Refreshing native plugins compatible for Editor in 0.36 ms, found 0 plugins.
Preloading 0 native plugins for Editor in 0.00 ms.
Unloading 1220 Unused Serialized files (Serialized files now loaded: 0)
System memory in use before: 147.9 MB.
System memory in use after: 147.7 MB.

Unloading 5 unused Assets to reduce memory usage. Loaded Objects now: 1906.
Total: 2.538200 ms (FindLiveObjects: 0.229500 ms CreateObjectMapping: 0.058600 ms MarkObjects: 1.858200 ms  DeleteObjects: 0.390100 ms)

========================================================================
Received Prepare
Registering precompiled user dll's ...
Registered in 0.001039 seconds.
Begin MonoManager ReloadAssembly
Native extension for WindowsStandalone target not found
Refreshing native plugins compatible for Editor in 0.33 ms, found 0 plugins.
Preloading 0 native plugins for Editor in 0.00 ms.
Invoked RoslynAnalysisRunner static constructor.
RoslynAnalysisRunner will not be running.
RoslynAnalysisRunner has terminated.
Mono: successfully reloaded assembly
- Completed reload, in  0.923 seconds
Platform modules already initialized, skipping
Refreshing native plugins compatible for Editor in 0.49 ms, found 0 plugins.
Preloading 0 native plugins for Editor in 0.00 ms.
Unloading 1220 Unused Serialized files (Serialized files now loaded: 0)
System memory in use before: 147.9 MB.
System memory in use after: 147.7 MB.

Unloading 5 unused Assets to reduce memory usage. Loaded Objects now: 1909.
Total: 3.190500 ms (FindLiveObjects: 0.216000 ms CreateObjectMapping: 0.060800 ms MarkObjects: 2.483100 ms  DeleteObjects: 0.428900 ms)

========================================================================
Received Prepare
Registering precompiled user dll's ...
Registered in 0.001060 seconds.
Begin MonoManager ReloadAssembly
Native extension for WindowsStandalone target not found
Refreshing native plugins compatible for Editor in 0.33 ms, found 0 plugins.
Preloading 0 native plugins for Editor in 0.00 ms.
Invoked RoslynAnalysisRunner static constructor.
RoslynAnalysisRunner will not be running.
RoslynAnalysisRunner has terminated.
Mono: successfully reloaded assembly
- Completed reload, in  0.839 seconds
Platform modules already initialized, skipping
Refreshing native plugins compatible for Editor in 0.32 ms, found 0 plugins.
Preloading 0 native plugins for Editor in 0.00 ms.
Unloading 1220 Unused Serialized files (Serialized files now loaded: 0)
System memory in use before: 147.9 MB.
System memory in use after: 147.7 MB.

Unloading 5 unused Assets to reduce memory usage. Loaded Objects now: 1912.
Total: 2.231200 ms (FindLiveObjects: 0.214500 ms CreateObjectMapping: 0.052800 ms MarkObjects: 1.580900 ms  DeleteObjects: 0.381500 ms)

========================================================================
Received Prepare
Registering precompiled user dll's ...
Registered in 0.001198 seconds.
Begin MonoManager ReloadAssembly
Native extension for WindowsStandalone target not found
Refreshing native plugins compatible for Editor in 0.38 ms, found 0 plugins.
Preloading 0 native plugins for Editor in 0.00 ms.
Invoked RoslynAnalysisRunner static constructor.
RoslynAnalysisRunner will not be running.
RoslynAnalysisRunner has terminated.
Mono: successfully reloaded assembly
- Completed reload, in  0.847 seconds
Platform modules already initialized, skipping
Refreshing native plugins compatible for Editor in 0.33 ms, found 0 plugins.
Preloading 0 native plugins for Editor in 0.00 ms.
Unloading 1220 Unused Serialized files (Serialized files now loaded: 0)
System memory in use before: 148.0 MB.
System memory in use after: 147.7 MB.

Unloading 5 unused Assets to reduce memory usage. Loaded Objects now: 1915.
Total: 2.801500 ms (FindLiveObjects: 0.468200 ms CreateObjectMapping: 0.063200 ms MarkObjects: 1.853900 ms  DeleteObjects: 0.413100 ms)

========================================================================
Received Prepare
Registering precompiled user dll's ...
Registered in 0.001583 seconds.
Begin MonoManager ReloadAssembly
Native extension for WindowsStandalone target not found
Refreshing native plugins compatible for Editor in 0.32 ms, found 0 plugins.
Preloading 0 native plugins for Editor in 0.00 ms.
Invoked RoslynAnalysisRunner static constructor.
RoslynAnalysisRunner will not be running.
RoslynAnalysisRunner has terminated.
Mono: successfully reloaded assembly
- Completed reload, in  0.855 seconds
Platform modules already initialized, skipping
Refreshing native plugins compatible for Editor in 0.41 ms, found 0 plugins.
Preloading 0 native plugins for Editor in 0.00 ms.
Unloading 1220 Unused Serialized files (Serialized files now loaded: 0)
System memory in use before: 147.9 MB.
System memory in use after: 147.7 MB.

Unloading 5 unused Assets to reduce memory usage. Loaded Objects now: 1918.
Total: 2.498900 ms (FindLiveObjects: 0.217100 ms CreateObjectMapping: 0.053200 ms MarkObjects: 1.856700 ms  DeleteObjects: 0.370300 ms)

========================================================================
Received Prepare
Registering precompiled user dll's ...
Registered in 0.001054 seconds.
Begin MonoManager ReloadAssembly
Native extension for WindowsStandalone target not found
Refreshing native plugins compatible for Editor in 0.34 ms, found 0 plugins.
Preloading 0 native plugins for Editor in 0.00 ms.
Invoked RoslynAnalysisRunner static constructor.
RoslynAnalysisRunner will not be running.
RoslynAnalysisRunner has terminated.
Mono: successfully reloaded assembly
- Completed reload, in  0.889 seconds
Platform modules already initialized, skipping
Refreshing native plugins compatible for Editor in 0.31 ms, found 0 plugins.
Preloading 0 native plugins for Editor in 0.00 ms.
Unloading 1220 Unused Serialized files (Serialized files now loaded: 0)
System memory in use before: 147.9 MB.
System memory in use after: 147.8 MB.

Unloading 5 unused Assets to reduce memory usage. Loaded Objects now: 1921.
Total: 3.547500 ms (FindLiveObjects: 0.669800 ms CreateObjectMapping: 0.254700 ms MarkObjects: 2.195100 ms  DeleteObjects: 0.425500 ms)

========================================================================
Received Prepare
Registering precompiled user dll's ...
Registered in 0.002362 seconds.
Begin MonoManager ReloadAssembly
Native extension for WindowsStandalone target not found
Refreshing native plugins compatible for Editor in 0.33 ms, found 0 plugins.
Preloading 0 native plugins for Editor in 0.00 ms.
Invoked RoslynAnalysisRunner static constructor.
RoslynAnalysisRunner will not be running.
RoslynAnalysisRunner has terminated.
Mono: successfully reloaded assembly
- Completed reload, in  0.838 seconds
Platform modules already initialized, skipping
Refreshing native plugins compatible for Editor in 0.34 ms, found 0 plugins.
Preloading 0 native plugins for Editor in 0.00 ms.
Unloading 1220 Unused Serialized files (Serialized files now loaded: 0)
System memory in use before: 147.9 MB.
System memory in use after: 147.8 MB.

Unloading 5 unused Assets to reduce memory usage. Loaded Objects now: 1924.
Total: 2.661100 ms (FindLiveObjects: 0.270000 ms CreateObjectMapping: 0.071300 ms MarkObjects: 1.896800 ms  DeleteObjects: 0.421200 ms)

========================================================================
Received Prepare
Registering precompiled user dll's ...
Registered in 0.001030 seconds.
Begin MonoManager ReloadAssembly
Native extension for WindowsStandalone target not found
Refreshing native plugins compatible for Editor in 0.34 ms, found 0 plugins.
Preloading 0 native plugins for Editor in 0.00 ms.
Invoked RoslynAnalysisRunner static constructor.
RoslynAnalysisRunner will not be running.
RoslynAnalysisRunner has terminated.
Mono: successfully reloaded assembly
- Completed reload, in  0.896 seconds
Platform modules already initialized, skipping
Refreshing native plugins compatible for Editor in 0.42 ms, found 0 plugins.
Preloading 0 native plugins for Editor in 0.00 ms.
Unloading 1220 Unused Serialized files (Serialized files now loaded: 0)
System memory in use before: 148.0 MB.
System memory in use after: 147.8 MB.

Unloading 5 unused Assets to reduce memory usage. Loaded Objects now: 1927.
Total: 3.064500 ms (FindLiveObjects: 0.413100 ms CreateObjectMapping: 0.148200 ms MarkObjects: 1.932000 ms  DeleteObjects: 0.569800 ms)

========================================================================
Received Prepare
Registering precompiled user dll's ...
Registered in 0.001690 seconds.
Begin MonoManager ReloadAssembly
Native extension for WindowsStandalone target not found
Refreshing native plugins compatible for Editor in 0.32 ms, found 0 plugins.
Preloading 0 native plugins for Editor in 0.00 ms.
Invoked RoslynAnalysisRunner static constructor.
RoslynAnalysisRunner will not be running.
RoslynAnalysisRunner has terminated.
Mono: successfully reloaded assembly
- Completed reload, in  0.840 seconds
Platform modules already initialized, skipping
Refreshing native plugins compatible for Editor in 0.33 ms, found 0 plugins.
Preloading 0 native plugins for Editor in 0.00 ms.
Unloading 1220 Unused Serialized files (Serialized files now loaded: 0)
System memory in use before: 148.0 MB.
System memory in use after: 147.8 MB.

Unloading 5 unused Assets to reduce memory usage. Loaded Objects now: 1930.
Total: 2.217100 ms (FindLiveObjects: 0.236100 ms CreateObjectMapping: 0.048700 ms MarkObjects: 1.554200 ms  DeleteObjects: 0.375900 ms)

========================================================================
Received Prepare
Registering precompiled user dll's ...
Registered in 0.001029 seconds.
Begin MonoManager ReloadAssembly
Native extension for WindowsStandalone target not found
Refreshing native plugins compatible for Editor in 0.37 ms, found 0 plugins.
Preloading 0 native plugins for Editor in 0.00 ms.
Invoked RoslynAnalysisRunner static constructor.
RoslynAnalysisRunner will not be running.
RoslynAnalysisRunner has terminated.
Mono: successfully reloaded assembly
- Completed reload, in  0.899 seconds
Platform modules already initialized, skipping
Refreshing native plugins compatible for Editor in 0.34 ms, found 0 plugins.
Preloading 0 native plugins for Editor in 0.00 ms.
Unloading 1220 Unused Serialized files (Serialized files now loaded: 0)
System memory in use before: 148.0 MB.
System memory in use after: 147.8 MB.

Unloading 5 unused Assets to reduce memory usage. Loaded Objects now: 1933.
Total: 3.994200 ms (FindLiveObjects: 0.427600 ms CreateObjectMapping: 0.136400 ms MarkObjects: 2.914200 ms  DeleteObjects: 0.513300 ms)

========================================================================
Received Prepare
Registering precompiled user dll's ...
Registered in 0.001086 seconds.
Begin MonoManager ReloadAssembly
Native extension for WindowsStandalone target not found
Refreshing native plugins compatible for Editor in 0.33 ms, found 0 plugins.
Preloading 0 native plugins for Editor in 0.00 ms.
Invoked RoslynAnalysisRunner static constructor.
RoslynAnalysisRunner will not be running.
RoslynAnalysisRunner has terminated.
Mono: successfully reloaded assembly
- Completed reload, in  0.856 seconds
Platform modules already initialized, skipping
Refreshing native plugins compatible for Editor in 0.62 ms, found 0 plugins.
Preloading 0 native plugins for Editor in 0.00 ms.
Unloading 1220 Unused Serialized files (Serialized files now loaded: 0)
System memory in use before: 148.0 MB.
System memory in use after: 147.8 MB.

Unloading 5 unused Assets to reduce memory usage. Loaded Objects now: 1936.
Total: 2.723400 ms (FindLiveObjects: 0.230600 ms CreateObjectMapping: 0.044900 ms MarkObjects: 2.039000 ms  DeleteObjects: 0.407700 ms)

========================================================================
Received Import Request.
  Time since last request: 254.841644 seconds.
  path: Assets/Prefab/PaintSplatter.prefab
  artifactKey: Guid(56510b0fffdeff947a5cd67a06de3477) Importer(815301076,1909f56bfc062723c751e8b465ee728b)
Start importing Assets/Prefab/PaintSplatter.prefab using Guid(56510b0fffdeff947a5cd67a06de3477) Importer(815301076,1909f56bfc062723c751e8b465ee728b)  -> (artifact id: '21b6e254499df3fefa6d61a57546f859') in 0.070036 seconds
  Import took 0.073075 seconds .

========================================================================
Received Prepare
Registering precompiled user dll's ...
Registered in 0.001068 seconds.
Begin MonoManager ReloadAssembly
Native extension for WindowsStandalone target not found
Refreshing native plugins compatible for Editor in 0.36 ms, found 0 plugins.
Preloading 0 native plugins for Editor in 0.00 ms.
Invoked RoslynAnalysisRunner static constructor.
RoslynAnalysisRunner will not be running.
RoslynAnalysisRunner has terminated.
Mono: successfully reloaded assembly
- Completed reload, in  0.847 seconds
Platform modules already initialized, skipping
Refreshing native plugins compatible for Editor in 0.34 ms, found 0 plugins.
Preloading 0 native plugins for Editor in 0.00 ms.
Unloading 1220 Unused Serialized files (Serialized files now loaded: 0)
System memory in use before: 148.0 MB.
System memory in use after: 147.8 MB.

Unloading 5 unused Assets to reduce memory usage. Loaded Objects now: 1940.
Total: 2.262400 ms (FindLiveObjects: 0.254400 ms CreateObjectMapping: 0.052200 ms MarkObjects: 1.566600 ms  DeleteObjects: 0.387300 ms)

========================================================================
Received Prepare
Registering precompiled user dll's ...
Registered in 0.001069 seconds.
Begin MonoManager ReloadAssembly
Native extension for WindowsStandalone target not found
Refreshing native plugins compatible for Editor in 0.34 ms, found 0 plugins.
Preloading 0 native plugins for Editor in 0.00 ms.
Invoked RoslynAnalysisRunner static constructor.
RoslynAnalysisRunner will not be running.
RoslynAnalysisRunner has terminated.
Mono: successfully reloaded assembly
- Completed reload, in  0.896 seconds
Platform modules already initialized, skipping
Refreshing native plugins compatible for Editor in 0.33 ms, found 0 plugins.
Preloading 0 native plugins for Editor in 0.00 ms.
Unloading 1220 Unused Serialized files (Serialized files now loaded: 0)
System memory in use before: 148.0 MB.
System memory in use after: 147.8 MB.

Unloading 5 unused Assets to reduce memory usage. Loaded Objects now: 1943.
Total: 2.979600 ms (FindLiveObjects: 0.215000 ms CreateObjectMapping: 0.056300 ms MarkObjects: 2.056500 ms  DeleteObjects: 0.650100 ms)

========================================================================
Received Prepare
Registering precompiled user dll's ...
Registered in 0.001006 seconds.
Begin MonoManager ReloadAssembly
Native extension for WindowsStandalone target not found
Refreshing native plugins compatible for Editor in 0.33 ms, found 0 plugins.
Preloading 0 native plugins for Editor in 0.00 ms.
Invoked RoslynAnalysisRunner static constructor.
RoslynAnalysisRunner will not be running.
RoslynAnalysisRunner has terminated.
Mono: successfully reloaded assembly
- Completed reload, in  0.845 seconds
Platform modules already initialized, skipping
Refreshing native plugins compatible for Editor in 0.33 ms, found 0 plugins.
Preloading 0 native plugins for Editor in 0.00 ms.
Unloading 1220 Unused Serialized files (Serialized files now loaded: 0)
System memory in use before: 148.0 MB.
System memory in use after: 147.8 MB.

Unloading 5 unused Assets to reduce memory usage. Loaded Objects now: 1946.
Total: 2.502700 ms (FindLiveObjects: 0.225500 ms CreateObjectMapping: 0.057200 ms MarkObjects: 1.835500 ms  DeleteObjects: 0.382700 ms)

========================================================================
Received Prepare
Registering precompiled user dll's ...
Registered in 0.001050 seconds.
Begin MonoManager ReloadAssembly
Native extension for WindowsStandalone target not found
Refreshing native plugins compatible for Editor in 0.36 ms, found 0 plugins.
Preloading 0 native plugins for Editor in 0.00 ms.
Invoked RoslynAnalysisRunner static constructor.
RoslynAnalysisRunner will not be running.
RoslynAnalysisRunner has terminated.
Mono: successfully reloaded assembly
- Completed reload, in  0.982 seconds
Platform modules already initialized, skipping
Refreshing native plugins compatible for Editor in 0.35 ms, found 0 plugins.
Preloading 0 native plugins for Editor in 0.00 ms.
Unloading 1220 Unused Serialized files (Serialized files now loaded: 0)
System memory in use before: 148.0 MB.
System memory in use after: 147.8 MB.

Unloading 5 unused Assets to reduce memory usage. Loaded Objects now: 1949.
Total: 3.071300 ms (FindLiveObjects: 0.389300 ms CreateObjectMapping: 0.098700 ms MarkObjects: 2.073600 ms  DeleteObjects: 0.507500 ms)

========================================================================
Received Prepare
Registering precompiled user dll's ...
Registered in 0.001350 seconds.
Begin MonoManager ReloadAssembly
Native extension for WindowsStandalone target not found
Refreshing native plugins compatible for Editor in 0.38 ms, found 0 plugins.
Preloading 0 native plugins for Editor in 0.00 ms.
Invoked RoslynAnalysisRunner static constructor.
RoslynAnalysisRunner will not be running.
RoslynAnalysisRunner has terminated.
Mono: successfully reloaded assembly
- Completed reload, in  1.041 seconds
Platform modules already initialized, skipping
Refreshing native plugins compatible for Editor in 0.35 ms, found 0 plugins.
Preloading 0 native plugins for Editor in 0.00 ms.
Unloading 1220 Unused Serialized files (Serialized files now loaded: 0)
System memory in use before: 148.0 MB.
System memory in use after: 147.8 MB.

Unloading 5 unused Assets to reduce memory usage. Loaded Objects now: 1952.
Total: 3.913200 ms (FindLiveObjects: 0.493500 ms CreateObjectMapping: 0.126300 ms MarkObjects: 2.727400 ms  DeleteObjects: 0.564000 ms)

========================================================================
Received Prepare
Registering precompiled user dll's ...
Registered in 0.001138 seconds.
Begin MonoManager ReloadAssembly
Native extension for WindowsStandalone target not found
Refreshing native plugins compatible for Editor in 0.37 ms, found 0 plugins.
Preloading 0 native plugins for Editor in 0.00 ms.
Invoked RoslynAnalysisRunner static constructor.
RoslynAnalysisRunner will not be running.
RoslynAnalysisRunner has terminated.
Mono: successfully reloaded assembly
- Completed reload, in  0.924 seconds
Platform modules already initialized, skipping
Refreshing native plugins compatible for Editor in 0.37 ms, found 0 plugins.
Preloading 0 native plugins for Editor in 0.00 ms.
Unloading 1220 Unused Serialized files (Serialized files now loaded: 0)
System memory in use before: 148.0 MB.
System memory in use after: 147.8 MB.

Unloading 5 unused Assets to reduce memory usage. Loaded Objects now: 1955.
Total: 3.648000 ms (FindLiveObjects: 0.352500 ms CreateObjectMapping: 0.103700 ms MarkObjects: 2.536700 ms  DeleteObjects: 0.653000 ms)

========================================================================
Received Prepare
Registering precompiled user dll's ...
Registered in 0.001260 seconds.
Begin MonoManager ReloadAssembly
Native extension for WindowsStandalone target not found
Refreshing native plugins compatible for Editor in 0.70 ms, found 0 plugins.
Preloading 0 native plugins for Editor in 0.00 ms.
Invoked RoslynAnalysisRunner static constructor.
RoslynAnalysisRunner will not be running.
RoslynAnalysisRunner has terminated.
Mono: successfully reloaded assembly
- Completed reload, in  1.037 seconds
Platform modules already initialized, skipping
Refreshing native plugins compatible for Editor in 0.36 ms, found 0 plugins.
Preloading 0 native plugins for Editor in 0.00 ms.
Unloading 1220 Unused Serialized files (Serialized files now loaded: 0)
System memory in use before: 148.0 MB.
System memory in use after: 147.8 MB.

Unloading 5 unused Assets to reduce memory usage. Loaded Objects now: 1958.
Total: 2.649700 ms (FindLiveObjects: 0.262000 ms CreateObjectMapping: 0.059500 ms MarkObjects: 1.866900 ms  DeleteObjects: 0.459900 ms)

========================================================================
Received Prepare
Registering precompiled user dll's ...
Registered in 0.001102 seconds.
Begin MonoManager ReloadAssembly
Native extension for WindowsStandalone target not found
Refreshing native plugins compatible for Editor in 0.41 ms, found 0 plugins.
Preloading 0 native plugins for Editor in 0.00 ms.
Invoked RoslynAnalysisRunner static constructor.
RoslynAnalysisRunner will not be running.
RoslynAnalysisRunner has terminated.
Mono: successfully reloaded assembly
- Completed reload, in  0.845 seconds
Platform modules already initialized, skipping
Refreshing native plugins compatible for Editor in 0.35 ms, found 0 plugins.
Preloading 0 native plugins for Editor in 0.00 ms.
Unloading 1220 Unused Serialized files (Serialized files now loaded: 0)
System memory in use before: 148.0 MB.
System memory in use after: 147.8 MB.

Unloading 5 unused Assets to reduce memory usage. Loaded Objects now: 1961.
Total: 2.420100 ms (FindLiveObjects: 0.233000 ms CreateObjectMapping: 0.058200 ms MarkObjects: 1.718300 ms  DeleteObjects: 0.408700 ms)

========================================================================
Received Import Request.
  Time since last request: 957.621180 seconds.
  path: Assets/Scenes/Paintball_L1.unity
  artifactKey: Guid(a4f8656ae4392224c9077aa2c1199c96) Importer(815301076,1909f56bfc062723c751e8b465ee728b)
Start importing Assets/Scenes/Paintball_L1.unity using Guid(a4f8656ae4392224c9077aa2c1199c96) Importer(815301076,1909f56bfc062723c751e8b465ee728b)  -> (artifact id: '76cef84ded34be9a77f85cf851ee4472') in 0.012886 seconds
  Import took 0.015413 seconds .

========================================================================
Received Import Request.
  Time since last request: 0.002264 seconds.
  path: Assets/Scenes/Paintball_L1.unity
  artifactKey: Guid(a4f8656ae4392224c9077aa2c1199c96) Importer(815301076,1909f56bfc062723c751e8b465ee728b)
Start importing Assets/Scenes/Paintball_L1.unity using Guid(a4f8656ae4392224c9077aa2c1199c96) Importer(815301076,1909f56bfc062723c751e8b465ee728b)  -> (artifact id: '76cef84ded34be9a77f85cf851ee4472') in 0.003441 seconds
  Import took 0.005938 seconds .

========================================================================
Received Import Request.
  Time since last request: 11.286845 seconds.
  path: Assets/Scenes/Paintball_L2.unity
  artifactKey: Guid(a4f8656ae4392224c9077aa2c1199c96) Importer(815301076,1909f56bfc062723c751e8b465ee728b)
Start importing Assets/Scenes/Paintball_L2.unity using Guid(a4f8656ae4392224c9077aa2c1199c96) Importer(815301076,1909f56bfc062723c751e8b465ee728b)  -> (artifact id: 'e846f83ee3e8f87c3fb51b6858f74726') in 0.003835 seconds
  Import took 0.012098 seconds .

AssetImportWorkerClient::OnTransportError - code=2 error=End of file
