Using pre-set license
Built from '2020.3/release' branch; Version is '2020.3.1f1 (77a89f25062f) revision 7841951'; Using compiler version '192528614'; Build Type 'Release'
OS: 'Windows 10 Pro; OS build 19041.928; Version 2004; 64bit' Language: 'en' Physical Memory: 12165 MB
BatchMode: 1, IsHumanControllingUs: 0, StartBugReporterOnCrash: 0, Is64bit: 1, IsPro: 0

 COMMAND LINE ARGUMENTS:
C:\Program Files\Unity\Hub\Editor\2020.3.1f1\Editor\Unity.exe
-adb2
-batchMode
-noUpm
-name
AssetImportWorker0
-projectPath
C:/Users/jared C/Documents/GitHub/Unit2/Paintball_Unit2 - L3_Complete
-logFile
Logs/AssetImportWorker0.log
-srvPort
50694
Successfully changed project path to: C:/Users/jared C/Documents/GitHub/Unit2/Paintball_Unit2 - L3_Complete
C:/Users/jared C/Documents/GitHub/Unit2/Paintball_Unit2 - L3_Complete
Using Asset Import Pipeline V2.
Refreshing native plugins compatible for Editor in 40.04 ms, found 0 plugins.
Preloading 0 native plugins for Editor in 0.00 ms.
Initialize engine version: 2020.3.1f1 (77a89f25062f)
[Subsystems] Discovering subsystems at path C:/Program Files/Unity/Hub/Editor/2020.3.1f1/Editor/Data/Resources/UnitySubsystems
[Subsystems] Discovering subsystems at path C:/Users/jared C/Documents/GitHub/Unit2/Paintball_Unit2 - L3_Complete/Assets
GfxDevice: creating device client; threaded=0
Direct3D:
    Version:  Direct3D 11.0 [level 11.1]
    Renderer: NVIDIA GeForce MX150 (ID=0x1d10)
    Vendor:   
    VRAM:     1983 MB
    Driver:   26.21.14.4223
Initialize mono
Mono path[0] = 'C:/Program Files/Unity/Hub/Editor/2020.3.1f1/Editor/Data/Managed'
Mono path[1] = 'C:/Program Files/Unity/Hub/Editor/2020.3.1f1/Editor/Data/MonoBleedingEdge/lib/mono/unityjit'
Mono config path = 'C:/Program Files/Unity/Hub/Editor/2020.3.1f1/Editor/Data/MonoBleedingEdge/etc'
Using monoOptions --debugger-agent=transport=dt_socket,embedding=1,server=y,suspend=n,address=127.0.0.1:56752
Begin MonoManager ReloadAssembly
Registering precompiled unity dll's ...
Register platform support module: C:/Program Files/Unity/Hub/Editor/2020.3.1f1/Editor/Data/PlaybackEngines/WindowsStandaloneSupport/UnityEditor.WindowsStandalone.Extensions.dll
Registered in 0.003678 seconds.
Native extension for WindowsStandalone target not found
Refreshing native plugins compatible for Editor in 36.95 ms, found 0 plugins.
Preloading 0 native plugins for Editor in 0.00 ms.
Invoked RoslynAnalysisRunner static constructor.
RoslynAnalysisRunner will not be running.
RoslynAnalysisRunner has terminated.
Mono: successfully reloaded assembly
- Completed reload, in  1.579 seconds
Platform modules already initialized, skipping
Registering precompiled user dll's ...
Registered in 0.001147 seconds.
Begin MonoManager ReloadAssembly
Native extension for WindowsStandalone target not found
Refreshing native plugins compatible for Editor in 0.41 ms, found 0 plugins.
Preloading 0 native plugins for Editor in 0.00 ms.
Invoked RoslynAnalysisRunner static constructor.
RoslynAnalysisRunner will not be running.
RoslynAnalysisRunner has terminated.
Mono: successfully reloaded assembly
- Completed reload, in  1.071 seconds
Platform modules already initialized, skipping
========================================================================
Worker process is ready to serve import requests
Launched and connected shader compiler UnityShaderCompiler.exe after 0.05 seconds
Refreshing native plugins compatible for Editor in 0.35 ms, found 0 plugins.
Preloading 0 native plugins for Editor in 0.00 ms.
Unloading 1245 Unused Serialized files (Serialized files now loaded: 0)
System memory in use before: 145.8 MB.
System memory in use after: 145.6 MB.

Unloading 9 unused Assets to reduce memory usage. Loaded Objects now: 1707.
Total: 2.490200 ms (FindLiveObjects: 0.187700 ms CreateObjectMapping: 0.074100 ms MarkObjects: 1.818300 ms  DeleteObjects: 0.408800 ms)

========================================================================
Received Import Request.
  path: Assets/Script/PlayerPaintballControl.cs
  artifactKey: Guid(1106b97eb609fcf47892426470bfb176) Importer(815301076,1909f56bfc062723c751e8b465ee728b)
Start importing Assets/Script/PlayerPaintballControl.cs using Guid(1106b97eb609fcf47892426470bfb176) Importer(815301076,1909f56bfc062723c751e8b465ee728b)  -> (artifact id: 'a966bdb939436629c1046184e736553f') in 0.050243 seconds
  Import took 0.053537 seconds .

========================================================================
Received Import Request.
  Time since last request: 0.000373 seconds.
  path: Assets/Script/PaintballControl.cs
  artifactKey: Guid(d013c967d60bef84591b2c41360c90d9) Importer(815301076,1909f56bfc062723c751e8b465ee728b)
Start importing Assets/Script/PaintballControl.cs using Guid(d013c967d60bef84591b2c41360c90d9) Importer(815301076,1909f56bfc062723c751e8b465ee728b)  -> (artifact id: 'eec2dbe4bfaeac02f101cf75f134701c') in 0.003817 seconds
  Import took 0.007103 seconds .

========================================================================
Received Prepare
Registering precompiled user dll's ...
Registered in 0.001248 seconds.
Begin MonoManager ReloadAssembly
Native extension for WindowsStandalone target not found
Refreshing native plugins compatible for Editor in 0.34 ms, found 0 plugins.
Preloading 0 native plugins for Editor in 0.00 ms.
Invoked RoslynAnalysisRunner static constructor.
RoslynAnalysisRunner will not be running.
RoslynAnalysisRunner has terminated.
Mono: successfully reloaded assembly
- Completed reload, in  0.853 seconds
Platform modules already initialized, skipping
Refreshing native plugins compatible for Editor in 0.32 ms, found 0 plugins.
Preloading 0 native plugins for Editor in 0.00 ms.
Unloading 1220 Unused Serialized files (Serialized files now loaded: 0)
System memory in use before: 144.2 MB.
System memory in use after: 143.9 MB.

Unloading 5 unused Assets to reduce memory usage. Loaded Objects now: 1710.
Total: 2.167100 ms (FindLiveObjects: 0.227800 ms CreateObjectMapping: 0.061000 ms MarkObjects: 1.541100 ms  DeleteObjects: 0.335900 ms)

========================================================================
Received Import Request.
  Time since last request: 493.152814 seconds.
  path: Assets/Script/PaintballControl.cs
  artifactKey: Guid(d013c967d60bef84591b2c41360c90d9) Importer(815301076,1909f56bfc062723c751e8b465ee728b)
Start importing Assets/Script/PaintballControl.cs using Guid(d013c967d60bef84591b2c41360c90d9) Importer(815301076,1909f56bfc062723c751e8b465ee728b)  -> (artifact id: '4649a44953f0adc623706943a7188f0c') in 0.004814 seconds
  Import took 0.007079 seconds .

========================================================================
Received Prepare
Registering precompiled user dll's ...
Registered in 0.001131 seconds.
Begin MonoManager ReloadAssembly
Native extension for WindowsStandalone target not found
Refreshing native plugins compatible for Editor in 0.33 ms, found 0 plugins.
Preloading 0 native plugins for Editor in 0.00 ms.
Invoked RoslynAnalysisRunner static constructor.
RoslynAnalysisRunner will not be running.
RoslynAnalysisRunner has terminated.
Mono: successfully reloaded assembly
- Completed reload, in  0.816 seconds
Platform modules already initialized, skipping
Refreshing native plugins compatible for Editor in 0.39 ms, found 0 plugins.
Preloading 0 native plugins for Editor in 0.00 ms.
Unloading 1220 Unused Serialized files (Serialized files now loaded: 0)
System memory in use before: 144.2 MB.
System memory in use after: 144.0 MB.

Unloading 5 unused Assets to reduce memory usage. Loaded Objects now: 1713.
Total: 2.875100 ms (FindLiveObjects: 0.180000 ms CreateObjectMapping: 0.048500 ms MarkObjects: 2.266600 ms  DeleteObjects: 0.378500 ms)

========================================================================
Received Prepare
Registering precompiled user dll's ...
Registered in 0.001400 seconds.
Begin MonoManager ReloadAssembly
Native extension for WindowsStandalone target not found
Refreshing native plugins compatible for Editor in 0.32 ms, found 0 plugins.
Preloading 0 native plugins for Editor in 0.00 ms.
Invoked RoslynAnalysisRunner static constructor.
RoslynAnalysisRunner will not be running.
RoslynAnalysisRunner has terminated.
Mono: successfully reloaded assembly
- Completed reload, in  0.818 seconds
Platform modules already initialized, skipping
Refreshing native plugins compatible for Editor in 0.33 ms, found 0 plugins.
Preloading 0 native plugins for Editor in 0.00 ms.
Unloading 1220 Unused Serialized files (Serialized files now loaded: 0)
System memory in use before: 144.2 MB.
System memory in use after: 144.0 MB.

Unloading 5 unused Assets to reduce memory usage. Loaded Objects now: 1716.
Total: 3.275100 ms (FindLiveObjects: 0.208500 ms CreateObjectMapping: 0.044800 ms MarkObjects: 2.636800 ms  DeleteObjects: 0.383400 ms)

========================================================================
Received Prepare
Registering precompiled user dll's ...
Registered in 0.001120 seconds.
Begin MonoManager ReloadAssembly
Native extension for WindowsStandalone target not found
Refreshing native plugins compatible for Editor in 0.34 ms, found 0 plugins.
Preloading 0 native plugins for Editor in 0.00 ms.
Invoked RoslynAnalysisRunner static constructor.
RoslynAnalysisRunner will not be running.
RoslynAnalysisRunner has terminated.
Mono: successfully reloaded assembly
- Completed reload, in  0.842 seconds
Platform modules already initialized, skipping
Refreshing native plugins compatible for Editor in 0.33 ms, found 0 plugins.
Preloading 0 native plugins for Editor in 0.00 ms.
Unloading 1220 Unused Serialized files (Serialized files now loaded: 0)
System memory in use before: 144.2 MB.
System memory in use after: 144.0 MB.

Unloading 5 unused Assets to reduce memory usage. Loaded Objects now: 1719.
Total: 2.365200 ms (FindLiveObjects: 0.202300 ms CreateObjectMapping: 0.050400 ms MarkObjects: 1.743500 ms  DeleteObjects: 0.368000 ms)

========================================================================
Received Prepare
Registering precompiled user dll's ...
Registered in 0.001158 seconds.
Begin MonoManager ReloadAssembly
Native extension for WindowsStandalone target not found
Refreshing native plugins compatible for Editor in 0.33 ms, found 0 plugins.
Preloading 0 native plugins for Editor in 0.00 ms.
Invoked RoslynAnalysisRunner static constructor.
RoslynAnalysisRunner will not be running.
RoslynAnalysisRunner has terminated.
Mono: successfully reloaded assembly
- Completed reload, in  0.827 seconds
Platform modules already initialized, skipping
Refreshing native plugins compatible for Editor in 0.33 ms, found 0 plugins.
Preloading 0 native plugins for Editor in 0.00 ms.
Unloading 1220 Unused Serialized files (Serialized files now loaded: 0)
System memory in use before: 144.2 MB.
System memory in use after: 144.0 MB.

Unloading 5 unused Assets to reduce memory usage. Loaded Objects now: 1722.
Total: 2.571800 ms (FindLiveObjects: 0.293200 ms CreateObjectMapping: 0.072400 ms MarkObjects: 1.824700 ms  DeleteObjects: 0.380200 ms)

========================================================================
Received Prepare
Registering precompiled user dll's ...
Registered in 0.001167 seconds.
Begin MonoManager ReloadAssembly
Native extension for WindowsStandalone target not found
Refreshing native plugins compatible for Editor in 0.32 ms, found 0 plugins.
Preloading 0 native plugins for Editor in 0.00 ms.
Invoked RoslynAnalysisRunner static constructor.
RoslynAnalysisRunner will not be running.
RoslynAnalysisRunner has terminated.
Mono: successfully reloaded assembly
- Completed reload, in  0.834 seconds
Platform modules already initialized, skipping
Refreshing native plugins compatible for Editor in 0.35 ms, found 0 plugins.
Preloading 0 native plugins for Editor in 0.00 ms.
Unloading 1220 Unused Serialized files (Serialized files now loaded: 0)
System memory in use before: 144.2 MB.
System memory in use after: 144.0 MB.

Unloading 5 unused Assets to reduce memory usage. Loaded Objects now: 1725.
Total: 2.849300 ms (FindLiveObjects: 0.356600 ms CreateObjectMapping: 0.056400 ms MarkObjects: 2.032400 ms  DeleteObjects: 0.401200 ms)

========================================================================
Received Prepare
Registering precompiled user dll's ...
Registered in 0.001936 seconds.
Begin MonoManager ReloadAssembly
Native extension for WindowsStandalone target not found
Refreshing native plugins compatible for Editor in 0.35 ms, found 0 plugins.
Preloading 0 native plugins for Editor in 0.00 ms.
Invoked RoslynAnalysisRunner static constructor.
RoslynAnalysisRunner will not be running.
RoslynAnalysisRunner has terminated.
Mono: successfully reloaded assembly
- Completed reload, in  0.884 seconds
Platform modules already initialized, skipping
Refreshing native plugins compatible for Editor in 0.37 ms, found 0 plugins.
Preloading 0 native plugins for Editor in 0.00 ms.
Unloading 1220 Unused Serialized files (Serialized files now loaded: 0)
System memory in use before: 144.2 MB.
System memory in use after: 144.0 MB.

Unloading 5 unused Assets to reduce memory usage. Loaded Objects now: 1728.
Total: 2.665800 ms (FindLiveObjects: 0.276600 ms CreateObjectMapping: 0.073700 ms MarkObjects: 1.906600 ms  DeleteObjects: 0.407200 ms)

========================================================================
Received Import Request.
  Time since last request: 416.755030 seconds.
  path: Assets/Script/PaintSplatter.cs
  artifactKey: Guid(896aa61b4b1b1c14fb4cb86756a5ff4f) Importer(815301076,1909f56bfc062723c751e8b465ee728b)
Start importing Assets/Script/PaintSplatter.cs using Guid(896aa61b4b1b1c14fb4cb86756a5ff4f) Importer(815301076,1909f56bfc062723c751e8b465ee728b)  -> (artifact id: '6052ac8d18d25633fa3c6230f122ef8a') in 0.007599 seconds
  Import took 0.010740 seconds .

========================================================================
Received Prepare
Registering precompiled user dll's ...
Registered in 0.001642 seconds.
Begin MonoManager ReloadAssembly
Native extension for WindowsStandalone target not found
Refreshing native plugins compatible for Editor in 0.32 ms, found 0 plugins.
Preloading 0 native plugins for Editor in 0.00 ms.
Invoked RoslynAnalysisRunner static constructor.
RoslynAnalysisRunner will not be running.
RoslynAnalysisRunner has terminated.
Mono: successfully reloaded assembly
- Completed reload, in  0.912 seconds
Platform modules already initialized, skipping
Refreshing native plugins compatible for Editor in 0.35 ms, found 0 plugins.
Preloading 0 native plugins for Editor in 0.00 ms.
Unloading 1221 Unused Serialized files (Serialized files now loaded: 0)
System memory in use before: 144.3 MB.
System memory in use after: 144.1 MB.

Unloading 5 unused Assets to reduce memory usage. Loaded Objects now: 1732.
Total: 2.364100 ms (FindLiveObjects: 0.184900 ms CreateObjectMapping: 0.054400 ms MarkObjects: 1.725000 ms  DeleteObjects: 0.398200 ms)

========================================================================
Received Prepare
Registering precompiled user dll's ...
Registered in 0.001090 seconds.
Begin MonoManager ReloadAssembly
Native extension for WindowsStandalone target not found
Refreshing native plugins compatible for Editor in 0.34 ms, found 0 plugins.
Preloading 0 native plugins for Editor in 0.00 ms.
Invoked RoslynAnalysisRunner static constructor.
RoslynAnalysisRunner will not be running.
RoslynAnalysisRunner has terminated.
Mono: successfully reloaded assembly
- Completed reload, in  0.860 seconds
Platform modules already initialized, skipping
Refreshing native plugins compatible for Editor in 0.38 ms, found 0 plugins.
Preloading 0 native plugins for Editor in 0.00 ms.
Unloading 1221 Unused Serialized files (Serialized files now loaded: 0)
System memory in use before: 144.3 MB.
System memory in use after: 144.1 MB.

Unloading 5 unused Assets to reduce memory usage. Loaded Objects now: 1735.
Total: 2.558600 ms (FindLiveObjects: 0.171400 ms CreateObjectMapping: 0.049500 ms MarkObjects: 1.938700 ms  DeleteObjects: 0.397300 ms)

========================================================================
Received Import Request.
  Time since last request: 55.520694 seconds.
  path: Assets/Script/PaintSplatter.cs
  artifactKey: Guid(896aa61b4b1b1c14fb4cb86756a5ff4f) Importer(815301076,1909f56bfc062723c751e8b465ee728b)
Start importing Assets/Script/PaintSplatter.cs using Guid(896aa61b4b1b1c14fb4cb86756a5ff4f) Importer(815301076,1909f56bfc062723c751e8b465ee728b)  -> (artifact id: '897da5cb2a446ffe9f4189e901b83202') in 0.005134 seconds
  Import took 0.008067 seconds .

========================================================================
Received Import Request.
  Time since last request: 0.992740 seconds.
  path: Assets/Script/PaintSplatter.cs
  artifactKey: Guid(896aa61b4b1b1c14fb4cb86756a5ff4f) Importer(815301076,1909f56bfc062723c751e8b465ee728b)
Start importing Assets/Script/PaintSplatter.cs using Guid(896aa61b4b1b1c14fb4cb86756a5ff4f) Importer(815301076,1909f56bfc062723c751e8b465ee728b)  -> (artifact id: '897da5cb2a446ffe9f4189e901b83202') in 0.003020 seconds
  Import took 0.005454 seconds .

========================================================================
Received Prepare
Registering precompiled user dll's ...
Registered in 0.001279 seconds.
Begin MonoManager ReloadAssembly
Native extension for WindowsStandalone target not found
Refreshing native plugins compatible for Editor in 0.43 ms, found 0 plugins.
Preloading 0 native plugins for Editor in 0.00 ms.
Invoked RoslynAnalysisRunner static constructor.
RoslynAnalysisRunner will not be running.
RoslynAnalysisRunner has terminated.
Mono: successfully reloaded assembly
- Completed reload, in  0.831 seconds
Platform modules already initialized, skipping
Refreshing native plugins compatible for Editor in 0.33 ms, found 0 plugins.
Preloading 0 native plugins for Editor in 0.00 ms.
Unloading 1221 Unused Serialized files (Serialized files now loaded: 0)
System memory in use before: 144.3 MB.
System memory in use after: 144.1 MB.

Unloading 5 unused Assets to reduce memory usage. Loaded Objects now: 1738.
Total: 2.666300 ms (FindLiveObjects: 0.250300 ms CreateObjectMapping: 0.080600 ms MarkObjects: 1.934400 ms  DeleteObjects: 0.399400 ms)

========================================================================
Received Prepare
Registering precompiled user dll's ...
Registered in 0.001443 seconds.
Begin MonoManager ReloadAssembly
Native extension for WindowsStandalone target not found
Refreshing native plugins compatible for Editor in 0.41 ms, found 0 plugins.
Preloading 0 native plugins for Editor in 0.00 ms.
Invoked RoslynAnalysisRunner static constructor.
RoslynAnalysisRunner will not be running.
RoslynAnalysisRunner has terminated.
Mono: successfully reloaded assembly
- Completed reload, in  0.843 seconds
Platform modules already initialized, skipping
Refreshing native plugins compatible for Editor in 0.37 ms, found 0 plugins.
Preloading 0 native plugins for Editor in 0.00 ms.
Unloading 1221 Unused Serialized files (Serialized files now loaded: 0)
System memory in use before: 144.3 MB.
System memory in use after: 144.1 MB.

Unloading 5 unused Assets to reduce memory usage. Loaded Objects now: 1741.
Total: 2.554200 ms (FindLiveObjects: 0.177700 ms CreateObjectMapping: 0.040300 ms MarkObjects: 1.934600 ms  DeleteObjects: 0.400400 ms)

========================================================================
Received Prepare
Registering precompiled user dll's ...
Registered in 0.001170 seconds.
Begin MonoManager ReloadAssembly
Native extension for WindowsStandalone target not found
Refreshing native plugins compatible for Editor in 0.33 ms, found 0 plugins.
Preloading 0 native plugins for Editor in 0.00 ms.
Invoked RoslynAnalysisRunner static constructor.
RoslynAnalysisRunner will not be running.
RoslynAnalysisRunner has terminated.
Mono: successfully reloaded assembly
- Completed reload, in  0.849 seconds
Platform modules already initialized, skipping
Refreshing native plugins compatible for Editor in 0.34 ms, found 0 plugins.
Preloading 0 native plugins for Editor in 0.00 ms.
Unloading 1221 Unused Serialized files (Serialized files now loaded: 0)
System memory in use before: 144.3 MB.
System memory in use after: 144.1 MB.

Unloading 5 unused Assets to reduce memory usage. Loaded Objects now: 1744.
Total: 2.704800 ms (FindLiveObjects: 0.209600 ms CreateObjectMapping: 0.065400 ms MarkObjects: 2.028700 ms  DeleteObjects: 0.399100 ms)

========================================================================
Received Import Request.
  Time since last request: 233.396694 seconds.
  path: Assets/Script/PaintballControl.cs
  artifactKey: Guid(d013c967d60bef84591b2c41360c90d9) Importer(815301076,1909f56bfc062723c751e8b465ee728b)
Start importing Assets/Script/PaintballControl.cs using Guid(d013c967d60bef84591b2c41360c90d9) Importer(815301076,1909f56bfc062723c751e8b465ee728b)  -> (artifact id: '6b3d3e70a13b06fb534422966ad662bf') in 0.006187 seconds
  Import took 0.009201 seconds .

========================================================================
Received Import Request.
  Time since last request: 0.027540 seconds.
  path: Assets/Script/PaintballControl.cs
  artifactKey: Guid(d013c967d60bef84591b2c41360c90d9) Importer(815301076,1909f56bfc062723c751e8b465ee728b)
Start importing Assets/Script/PaintballControl.cs using Guid(d013c967d60bef84591b2c41360c90d9) Importer(815301076,1909f56bfc062723c751e8b465ee728b)  -> (artifact id: '6b3d3e70a13b06fb534422966ad662bf') in 0.003713 seconds
  Import took 0.006296 seconds .

========================================================================
Received Prepare
Registering precompiled user dll's ...
Registered in 0.001825 seconds.
Begin MonoManager ReloadAssembly
Native extension for WindowsStandalone target not found
Refreshing native plugins compatible for Editor in 0.34 ms, found 0 plugins.
Preloading 0 native plugins for Editor in 0.00 ms.
Invoked RoslynAnalysisRunner static constructor.
RoslynAnalysisRunner will not be running.
RoslynAnalysisRunner has terminated.
Mono: successfully reloaded assembly
- Completed reload, in  0.831 seconds
Platform modules already initialized, skipping
Refreshing native plugins compatible for Editor in 0.33 ms, found 0 plugins.
Preloading 0 native plugins for Editor in 0.00 ms.
Unloading 1221 Unused Serialized files (Serialized files now loaded: 0)
System memory in use before: 144.3 MB.
System memory in use after: 144.1 MB.

Unloading 5 unused Assets to reduce memory usage. Loaded Objects now: 1747.
Total: 2.603900 ms (FindLiveObjects: 0.211700 ms CreateObjectMapping: 0.049100 ms MarkObjects: 1.939300 ms  DeleteObjects: 0.402400 ms)

========================================================================
Received Prepare
Registering precompiled user dll's ...
Registered in 0.001300 seconds.
Begin MonoManager ReloadAssembly
Native extension for WindowsStandalone target not found
Refreshing native plugins compatible for Editor in 0.33 ms, found 0 plugins.
Preloading 0 native plugins for Editor in 0.00 ms.
Invoked RoslynAnalysisRunner static constructor.
RoslynAnalysisRunner will not be running.
RoslynAnalysisRunner has terminated.
Mono: successfully reloaded assembly
- Completed reload, in  0.826 seconds
Platform modules already initialized, skipping
Refreshing native plugins compatible for Editor in 0.34 ms, found 0 plugins.
Preloading 0 native plugins for Editor in 0.00 ms.
Unloading 1221 Unused Serialized files (Serialized files now loaded: 0)
System memory in use before: 144.3 MB.
System memory in use after: 144.1 MB.

Unloading 5 unused Assets to reduce memory usage. Loaded Objects now: 1750.
Total: 2.637200 ms (FindLiveObjects: 0.197800 ms CreateObjectMapping: 0.050600 ms MarkObjects: 1.987000 ms  DeleteObjects: 0.400400 ms)

========================================================================
Received Import Request.
  Time since last request: 369.690370 seconds.
  path: Assets/Scenes/Paintball_L2.unity
  artifactKey: Guid(a4f8656ae4392224c9077aa2c1199c96) Importer(815301076,1909f56bfc062723c751e8b465ee728b)
Start importing Assets/Scenes/Paintball_L2.unity using Guid(a4f8656ae4392224c9077aa2c1199c96) Importer(815301076,1909f56bfc062723c751e8b465ee728b)  -> (artifact id: '596c6abd361616f920f619307525ea98') in 0.012022 seconds
  Import took 0.014839 seconds .

========================================================================
Received Import Request.
  Time since last request: 0.001081 seconds.
  path: Assets/Scenes/Paintball_L2.unity
  artifactKey: Guid(a4f8656ae4392224c9077aa2c1199c96) Importer(815301076,1909f56bfc062723c751e8b465ee728b)
Start importing Assets/Scenes/Paintball_L2.unity using Guid(a4f8656ae4392224c9077aa2c1199c96) Importer(815301076,1909f56bfc062723c751e8b465ee728b)  -> (artifact id: '596c6abd361616f920f619307525ea98') in 0.004027 seconds
  Import took 0.006612 seconds .

========================================================================
Received Import Request.
  Time since last request: 7.736537 seconds.
  path: Assets/Scenes/Paintball_L3.unity
  artifactKey: Guid(a4f8656ae4392224c9077aa2c1199c96) Importer(815301076,1909f56bfc062723c751e8b465ee728b)
Start importing Assets/Scenes/Paintball_L3.unity using Guid(a4f8656ae4392224c9077aa2c1199c96) Importer(815301076,1909f56bfc062723c751e8b465ee728b)  -> (artifact id: '85fef591cc59abd94224b7981ef77d3a') in 0.004993 seconds
  Import took 0.007984 seconds .

========================================================================
Received Import Request.
  Time since last request: 20.672501 seconds.
  path: Assets/Script/PlayerPaintballControl.cs
  artifactKey: Guid(1106b97eb609fcf47892426470bfb176) Importer(815301076,1909f56bfc062723c751e8b465ee728b)
Start importing Assets/Script/PlayerPaintballControl.cs using Guid(1106b97eb609fcf47892426470bfb176) Importer(815301076,1909f56bfc062723c751e8b465ee728b)  -> (artifact id: 'f797d17e058e4e8d393c0b1949f80a72') in 0.003630 seconds
  Import took 0.006059 seconds .

========================================================================
Received Import Request.
  Time since last request: 0.001324 seconds.
  path: Assets/Script/PlayerPaintballControl.cs
  artifactKey: Guid(1106b97eb609fcf47892426470bfb176) Importer(815301076,1909f56bfc062723c751e8b465ee728b)
Start importing Assets/Script/PlayerPaintballControl.cs using Guid(1106b97eb609fcf47892426470bfb176) Importer(815301076,1909f56bfc062723c751e8b465ee728b)  -> (artifact id: 'f797d17e058e4e8d393c0b1949f80a72') in 0.003671 seconds
  Import took 0.006375 seconds .

========================================================================
Received Prepare
Registering precompiled user dll's ...
Registered in 0.001411 seconds.
Begin MonoManager ReloadAssembly
Native extension for WindowsStandalone target not found
Refreshing native plugins compatible for Editor in 0.42 ms, found 0 plugins.
Preloading 0 native plugins for Editor in 0.00 ms.
Invoked RoslynAnalysisRunner static constructor.
RoslynAnalysisRunner will not be running.
RoslynAnalysisRunner has terminated.
Mono: successfully reloaded assembly
- Completed reload, in  0.944 seconds
Platform modules already initialized, skipping
Refreshing native plugins compatible for Editor in 0.34 ms, found 0 plugins.
Preloading 0 native plugins for Editor in 0.00 ms.
Unloading 1221 Unused Serialized files (Serialized files now loaded: 0)
System memory in use before: 144.3 MB.
System memory in use after: 144.1 MB.

Unloading 5 unused Assets to reduce memory usage. Loaded Objects now: 1753.
Total: 2.268200 ms (FindLiveObjects: 0.220000 ms CreateObjectMapping: 0.055900 ms MarkObjects: 1.597300 ms  DeleteObjects: 0.393200 ms)

========================================================================
Received Import Request.
  Time since last request: 199.489344 seconds.
  path: Assets/Script/PaintSplatter.cs
  artifactKey: Guid(896aa61b4b1b1c14fb4cb86756a5ff4f) Importer(815301076,1909f56bfc062723c751e8b465ee728b)
Start importing Assets/Script/PaintSplatter.cs using Guid(896aa61b4b1b1c14fb4cb86756a5ff4f) Importer(815301076,1909f56bfc062723c751e8b465ee728b)  -> (artifact id: '0839869da6a995c87a3534d4f32d0501') in 0.005007 seconds
  Import took 0.007436 seconds .

========================================================================
Received Prepare
Registering precompiled user dll's ...
Registered in 0.001113 seconds.
Begin MonoManager ReloadAssembly
Native extension for WindowsStandalone target not found
Refreshing native plugins compatible for Editor in 0.34 ms, found 0 plugins.
Preloading 0 native plugins for Editor in 0.00 ms.
Invoked RoslynAnalysisRunner static constructor.
RoslynAnalysisRunner will not be running.
RoslynAnalysisRunner has terminated.
Mono: successfully reloaded assembly
- Completed reload, in  0.870 seconds
Platform modules already initialized, skipping
Refreshing native plugins compatible for Editor in 0.37 ms, found 0 plugins.
Preloading 0 native plugins for Editor in 0.00 ms.
Unloading 1221 Unused Serialized files (Serialized files now loaded: 0)
System memory in use before: 144.3 MB.
System memory in use after: 144.1 MB.

Unloading 5 unused Assets to reduce memory usage. Loaded Objects now: 1756.
Total: 2.526800 ms (FindLiveObjects: 0.214000 ms CreateObjectMapping: 0.068600 ms MarkObjects: 1.816500 ms  DeleteObjects: 0.425900 ms)

========================================================================
Received Prepare
Registering precompiled user dll's ...
Registered in 0.001173 seconds.
Begin MonoManager ReloadAssembly
Native extension for WindowsStandalone target not found
Refreshing native plugins compatible for Editor in 0.70 ms, found 0 plugins.
Preloading 0 native plugins for Editor in 0.00 ms.
Invoked RoslynAnalysisRunner static constructor.
RoslynAnalysisRunner will not be running.
RoslynAnalysisRunner has terminated.
Mono: successfully reloaded assembly
- Completed reload, in  0.859 seconds
Platform modules already initialized, skipping
Refreshing native plugins compatible for Editor in 0.32 ms, found 0 plugins.
Preloading 0 native plugins for Editor in 0.00 ms.
Unloading 1221 Unused Serialized files (Serialized files now loaded: 0)
System memory in use before: 144.3 MB.
System memory in use after: 144.1 MB.

Unloading 5 unused Assets to reduce memory usage. Loaded Objects now: 1759.
Total: 2.797600 ms (FindLiveObjects: 0.286300 ms CreateObjectMapping: 0.079400 ms MarkObjects: 1.900600 ms  DeleteObjects: 0.529300 ms)

========================================================================
Received Import Request.
  Time since last request: 228.586068 seconds.
  path: Assets/Script/PaintSplatter.cs
  artifactKey: Guid(896aa61b4b1b1c14fb4cb86756a5ff4f) Importer(815301076,1909f56bfc062723c751e8b465ee728b)
Start importing Assets/Script/PaintSplatter.cs using Guid(896aa61b4b1b1c14fb4cb86756a5ff4f) Importer(815301076,1909f56bfc062723c751e8b465ee728b)  -> (artifact id: '2ee75766f4233d9d09536d5838da49d7') in 0.004900 seconds
  Import took 0.007197 seconds .

========================================================================
Received Import Request.
  Time since last request: 224.262251 seconds.
  path: Assets/Script/PaintballControl.cs
  artifactKey: Guid(d013c967d60bef84591b2c41360c90d9) Importer(815301076,1909f56bfc062723c751e8b465ee728b)
Start importing Assets/Script/PaintballControl.cs using Guid(d013c967d60bef84591b2c41360c90d9) Importer(815301076,1909f56bfc062723c751e8b465ee728b)  -> (artifact id: '6350b2962dbd2e341a86c9ca89cc01ec') in 0.003351 seconds
  Import took 0.005918 seconds .

========================================================================
Received Prepare
Registering precompiled user dll's ...
Registered in 0.001100 seconds.
Begin MonoManager ReloadAssembly
Native extension for WindowsStandalone target not found
Refreshing native plugins compatible for Editor in 0.33 ms, found 0 plugins.
Preloading 0 native plugins for Editor in 0.00 ms.
Invoked RoslynAnalysisRunner static constructor.
RoslynAnalysisRunner will not be running.
RoslynAnalysisRunner has terminated.
Mono: successfully reloaded assembly
- Completed reload, in  0.843 seconds
Platform modules already initialized, skipping
Refreshing native plugins compatible for Editor in 0.36 ms, found 0 plugins.
Preloading 0 native plugins for Editor in 0.00 ms.
Unloading 1221 Unused Serialized files (Serialized files now loaded: 0)
System memory in use before: 144.3 MB.
System memory in use after: 144.1 MB.

Unloading 5 unused Assets to reduce memory usage. Loaded Objects now: 1762.
Total: 3.905400 ms (FindLiveObjects: 0.443200 ms CreateObjectMapping: 0.064400 ms MarkObjects: 2.669100 ms  DeleteObjects: 0.726400 ms)

========================================================================
Received Prepare
Registering precompiled user dll's ...
Registered in 0.001631 seconds.
Begin MonoManager ReloadAssembly
Native extension for WindowsStandalone target not found
Refreshing native plugins compatible for Editor in 0.32 ms, found 0 plugins.
Preloading 0 native plugins for Editor in 0.00 ms.
Invoked RoslynAnalysisRunner static constructor.
RoslynAnalysisRunner will not be running.
RoslynAnalysisRunner has terminated.
Mono: successfully reloaded assembly
- Completed reload, in  0.816 seconds
Platform modules already initialized, skipping
Refreshing native plugins compatible for Editor in 0.35 ms, found 0 plugins.
Preloading 0 native plugins for Editor in 0.00 ms.
Unloading 1221 Unused Serialized files (Serialized files now loaded: 0)
System memory in use before: 144.3 MB.
System memory in use after: 144.1 MB.

Unloading 5 unused Assets to reduce memory usage. Loaded Objects now: 1765.
Total: 2.611700 ms (FindLiveObjects: 0.305200 ms CreateObjectMapping: 0.087700 ms MarkObjects: 1.824700 ms  DeleteObjects: 0.392500 ms)

========================================================================
Received Prepare
Registering precompiled user dll's ...
Registered in 0.001181 seconds.
Begin MonoManager ReloadAssembly
Native extension for WindowsStandalone target not found
Refreshing native plugins compatible for Editor in 0.37 ms, found 0 plugins.
Preloading 0 native plugins for Editor in 0.00 ms.
Invoked RoslynAnalysisRunner static constructor.
RoslynAnalysisRunner will not be running.
RoslynAnalysisRunner has terminated.
Mono: successfully reloaded assembly
- Completed reload, in  0.825 seconds
Platform modules already initialized, skipping
Refreshing native plugins compatible for Editor in 0.33 ms, found 0 plugins.
Preloading 0 native plugins for Editor in 0.00 ms.
Unloading 1221 Unused Serialized files (Serialized files now loaded: 0)
System memory in use before: 144.3 MB.
System memory in use after: 144.1 MB.

Unloading 5 unused Assets to reduce memory usage. Loaded Objects now: 1768.
Total: 2.546600 ms (FindLiveObjects: 0.279000 ms CreateObjectMapping: 0.086200 ms MarkObjects: 1.778800 ms  DeleteObjects: 0.400800 ms)

========================================================================
Received Prepare
Registering precompiled user dll's ...
Registered in 0.002166 seconds.
Begin MonoManager ReloadAssembly
Native extension for WindowsStandalone target not found
Refreshing native plugins compatible for Editor in 0.33 ms, found 0 plugins.
Preloading 0 native plugins for Editor in 0.00 ms.
Invoked RoslynAnalysisRunner static constructor.
RoslynAnalysisRunner will not be running.
RoslynAnalysisRunner has terminated.
Mono: successfully reloaded assembly
- Completed reload, in  0.855 seconds
Platform modules already initialized, skipping
Refreshing native plugins compatible for Editor in 0.61 ms, found 0 plugins.
Preloading 0 native plugins for Editor in 0.00 ms.
Unloading 1221 Unused Serialized files (Serialized files now loaded: 0)
System memory in use before: 144.4 MB.
System memory in use after: 144.1 MB.

Unloading 5 unused Assets to reduce memory usage. Loaded Objects now: 1771.
Total: 2.295800 ms (FindLiveObjects: 0.192200 ms CreateObjectMapping: 0.047400 ms MarkObjects: 1.668900 ms  DeleteObjects: 0.386300 ms)

========================================================================
Received Prepare
Registering precompiled user dll's ...
Registered in 0.001358 seconds.
Begin MonoManager ReloadAssembly
Native extension for WindowsStandalone target not found
Refreshing native plugins compatible for Editor in 0.40 ms, found 0 plugins.
Preloading 0 native plugins for Editor in 0.00 ms.
Invoked RoslynAnalysisRunner static constructor.
RoslynAnalysisRunner will not be running.
RoslynAnalysisRunner has terminated.
Mono: successfully reloaded assembly
- Completed reload, in  0.862 seconds
Platform modules already initialized, skipping
Refreshing native plugins compatible for Editor in 0.34 ms, found 0 plugins.
Preloading 0 native plugins for Editor in 0.00 ms.
Unloading 1221 Unused Serialized files (Serialized files now loaded: 0)
System memory in use before: 144.3 MB.
System memory in use after: 144.1 MB.

Unloading 5 unused Assets to reduce memory usage. Loaded Objects now: 1774.
Total: 3.526500 ms (FindLiveObjects: 0.316800 ms CreateObjectMapping: 0.105500 ms MarkObjects: 2.697600 ms  DeleteObjects: 0.405100 ms)

========================================================================
Received Import Request.
  Time since last request: 1880.721950 seconds.
  path: ProjectSettings/TagManager.asset
  artifactKey: Guid(00000000000000003000000000000000) Importer(815301076,1909f56bfc062723c751e8b465ee728b)
Start importing ProjectSettings/TagManager.asset using Guid(00000000000000003000000000000000) Importer(815301076,1909f56bfc062723c751e8b465ee728b)  -> (artifact id: '46c0c8fadd2a98cf8f565a2e49aff8cf') in 0.022642 seconds
  Import took 0.025447 seconds .

========================================================================
Received Prepare
Registering precompiled user dll's ...
Registered in 0.001176 seconds.
Begin MonoManager ReloadAssembly
Native extension for WindowsStandalone target not found
Refreshing native plugins compatible for Editor in 0.33 ms, found 0 plugins.
Preloading 0 native plugins for Editor in 0.00 ms.
Invoked RoslynAnalysisRunner static constructor.
RoslynAnalysisRunner will not be running.
RoslynAnalysisRunner has terminated.
Mono: successfully reloaded assembly
- Completed reload, in  0.843 seconds
Platform modules already initialized, skipping
Refreshing native plugins compatible for Editor in 0.36 ms, found 0 plugins.
Preloading 0 native plugins for Editor in 0.00 ms.
Unloading 1221 Unused Serialized files (Serialized files now loaded: 0)
System memory in use before: 144.4 MB.
System memory in use after: 144.2 MB.

Unloading 6 unused Assets to reduce memory usage. Loaded Objects now: 1777.
Total: 2.398000 ms (FindLiveObjects: 0.226700 ms CreateObjectMapping: 0.050000 ms MarkObjects: 1.724600 ms  DeleteObjects: 0.395200 ms)

========================================================================
Received Prepare
Registering precompiled user dll's ...
Registered in 0.001251 seconds.
Begin MonoManager ReloadAssembly
Native extension for WindowsStandalone target not found
Refreshing native plugins compatible for Editor in 0.34 ms, found 0 plugins.
Preloading 0 native plugins for Editor in 0.00 ms.
Invoked RoslynAnalysisRunner static constructor.
RoslynAnalysisRunner will not be running.
RoslynAnalysisRunner has terminated.
Mono: successfully reloaded assembly
- Completed reload, in  0.861 seconds
Platform modules already initialized, skipping
Refreshing native plugins compatible for Editor in 0.32 ms, found 0 plugins.
Preloading 0 native plugins for Editor in 0.00 ms.
Unloading 1221 Unused Serialized files (Serialized files now loaded: 0)
System memory in use before: 144.4 MB.
System memory in use after: 144.2 MB.

Unloading 5 unused Assets to reduce memory usage. Loaded Objects now: 1780.
Total: 2.498400 ms (FindLiveObjects: 0.199500 ms CreateObjectMapping: 0.056200 ms MarkObjects: 1.849600 ms  DeleteObjects: 0.391700 ms)

========================================================================
Received Prepare
Registering precompiled user dll's ...
Registered in 0.001083 seconds.
Begin MonoManager ReloadAssembly
Native extension for WindowsStandalone target not found
Refreshing native plugins compatible for Editor in 0.33 ms, found 0 plugins.
Preloading 0 native plugins for Editor in 0.00 ms.
Invoked RoslynAnalysisRunner static constructor.
RoslynAnalysisRunner will not be running.
RoslynAnalysisRunner has terminated.
Mono: successfully reloaded assembly
- Completed reload, in  0.865 seconds
Platform modules already initialized, skipping
Refreshing native plugins compatible for Editor in 0.32 ms, found 0 plugins.
Preloading 0 native plugins for Editor in 0.00 ms.
Unloading 1221 Unused Serialized files (Serialized files now loaded: 0)
System memory in use before: 144.4 MB.
System memory in use after: 144.2 MB.

Unloading 5 unused Assets to reduce memory usage. Loaded Objects now: 1783.
Total: 2.411400 ms (FindLiveObjects: 0.203400 ms CreateObjectMapping: 0.053100 ms MarkObjects: 1.774700 ms  DeleteObjects: 0.378900 ms)

========================================================================
Received Import Request.
  Time since last request: 421.986771 seconds.
  path: Assets/Prefab/PaintSplatter.prefab
  artifactKey: Guid(56510b0fffdeff947a5cd67a06de3477) Importer(815301076,1909f56bfc062723c751e8b465ee728b)
Start importing Assets/Prefab/PaintSplatter.prefab using Guid(56510b0fffdeff947a5cd67a06de3477) Importer(815301076,1909f56bfc062723c751e8b465ee728b)  -> (artifact id: '916cc67758ca4b7a6784591e4ba20b36') in 0.096298 seconds
  Import took 0.098975 seconds .

========================================================================
Received Import Request.
  Time since last request: 0.000367 seconds.
  path: Assets/Prefab/Player.prefab
  artifactKey: Guid(e95f0d4b68535374c887fb29f8a2fc07) Importer(815301076,1909f56bfc062723c751e8b465ee728b)
Start importing Assets/Prefab/Player.prefab using Guid(e95f0d4b68535374c887fb29f8a2fc07) Importer(815301076,1909f56bfc062723c751e8b465ee728b)  -> (artifact id: 'fe51ba670712952826de2c47c7cda7e2') in 0.012612 seconds
  Import took 0.015457 seconds .

========================================================================
Received Import Request.
  Time since last request: 31.084372 seconds.
  path: Assets/Prefab/PaintSplatter.prefab
  artifactKey: Guid(56510b0fffdeff947a5cd67a06de3477) Importer(815301076,1909f56bfc062723c751e8b465ee728b)
Start importing Assets/Prefab/PaintSplatter.prefab using Guid(56510b0fffdeff947a5cd67a06de3477) Importer(815301076,1909f56bfc062723c751e8b465ee728b)  -> (artifact id: '41901029d81148edbb5460cb0863c286') in 0.014274 seconds
  Import took 0.017518 seconds .

========================================================================
Received Prepare
Registering precompiled user dll's ...
Registered in 0.001203 seconds.
Begin MonoManager ReloadAssembly
Native extension for WindowsStandalone target not found
Refreshing native plugins compatible for Editor in 0.33 ms, found 0 plugins.
Preloading 0 native plugins for Editor in 0.00 ms.
Invoked RoslynAnalysisRunner static constructor.
RoslynAnalysisRunner will not be running.
RoslynAnalysisRunner has terminated.
Mono: successfully reloaded assembly
- Completed reload, in  0.850 seconds
Platform modules already initialized, skipping
Refreshing native plugins compatible for Editor in 0.48 ms, found 0 plugins.
Preloading 0 native plugins for Editor in 0.00 ms.
Unloading 1221 Unused Serialized files (Serialized files now loaded: 0)
System memory in use before: 147.6 MB.
System memory in use after: 147.4 MB.

Unloading 5 unused Assets to reduce memory usage. Loaded Objects now: 1795.
Total: 3.056900 ms (FindLiveObjects: 0.210900 ms CreateObjectMapping: 0.055600 ms MarkObjects: 2.281200 ms  DeleteObjects: 0.507500 ms)

========================================================================
Received Prepare
Registering precompiled user dll's ...
Registered in 0.001316 seconds.
Begin MonoManager ReloadAssembly
Native extension for WindowsStandalone target not found
Refreshing native plugins compatible for Editor in 0.32 ms, found 0 plugins.
Preloading 0 native plugins for Editor in 0.00 ms.
Invoked RoslynAnalysisRunner static constructor.
RoslynAnalysisRunner will not be running.
RoslynAnalysisRunner has terminated.
Mono: successfully reloaded assembly
- Completed reload, in  0.846 seconds
Platform modules already initialized, skipping
Refreshing native plugins compatible for Editor in 0.33 ms, found 0 plugins.
Preloading 0 native plugins for Editor in 0.00 ms.
Unloading 1221 Unused Serialized files (Serialized files now loaded: 0)
System memory in use before: 147.6 MB.
System memory in use after: 147.4 MB.

Unloading 5 unused Assets to reduce memory usage. Loaded Objects now: 1798.
Total: 3.654600 ms (FindLiveObjects: 0.444900 ms CreateObjectMapping: 0.132300 ms MarkObjects: 2.606900 ms  DeleteObjects: 0.468800 ms)

========================================================================
Received Prepare
Registering precompiled user dll's ...
Registered in 0.001142 seconds.
Begin MonoManager ReloadAssembly
Native extension for WindowsStandalone target not found
Refreshing native plugins compatible for Editor in 0.33 ms, found 0 plugins.
Preloading 0 native plugins for Editor in 0.00 ms.
Invoked RoslynAnalysisRunner static constructor.
RoslynAnalysisRunner will not be running.
RoslynAnalysisRunner has terminated.
Mono: successfully reloaded assembly
- Completed reload, in  0.851 seconds
Platform modules already initialized, skipping
Refreshing native plugins compatible for Editor in 0.43 ms, found 0 plugins.
Preloading 0 native plugins for Editor in 0.00 ms.
Unloading 1221 Unused Serialized files (Serialized files now loaded: 0)
System memory in use before: 147.6 MB.
System memory in use after: 147.4 MB.

Unloading 5 unused Assets to reduce memory usage. Loaded Objects now: 1801.
Total: 2.986600 ms (FindLiveObjects: 0.294600 ms CreateObjectMapping: 0.083700 ms MarkObjects: 2.194000 ms  DeleteObjects: 0.412600 ms)

========================================================================
Received Prepare
Registering precompiled user dll's ...
Registered in 0.001117 seconds.
Begin MonoManager ReloadAssembly
Native extension for WindowsStandalone target not found
Refreshing native plugins compatible for Editor in 0.34 ms, found 0 plugins.
Preloading 0 native plugins for Editor in 0.00 ms.
Invoked RoslynAnalysisRunner static constructor.
RoslynAnalysisRunner will not be running.
RoslynAnalysisRunner has terminated.
Mono: successfully reloaded assembly
- Completed reload, in  0.840 seconds
Platform modules already initialized, skipping
Refreshing native plugins compatible for Editor in 0.53 ms, found 0 plugins.
Preloading 0 native plugins for Editor in 0.00 ms.
Unloading 1221 Unused Serialized files (Serialized files now loaded: 0)
System memory in use before: 147.6 MB.
System memory in use after: 147.4 MB.

Unloading 5 unused Assets to reduce memory usage. Loaded Objects now: 1804.
Total: 2.396800 ms (FindLiveObjects: 0.268700 ms CreateObjectMapping: 0.072100 ms MarkObjects: 1.667900 ms  DeleteObjects: 0.386600 ms)

========================================================================
Received Prepare
Registering precompiled user dll's ...
Registered in 0.001352 seconds.
Begin MonoManager ReloadAssembly
Native extension for WindowsStandalone target not found
Refreshing native plugins compatible for Editor in 0.33 ms, found 0 plugins.
Preloading 0 native plugins for Editor in 0.00 ms.
Invoked RoslynAnalysisRunner static constructor.
RoslynAnalysisRunner will not be running.
RoslynAnalysisRunner has terminated.
Mono: successfully reloaded assembly
- Completed reload, in  0.902 seconds
Platform modules already initialized, skipping
Refreshing native plugins compatible for Editor in 0.32 ms, found 0 plugins.
Preloading 0 native plugins for Editor in 0.00 ms.
Unloading 1221 Unused Serialized files (Serialized files now loaded: 0)
System memory in use before: 147.6 MB.
System memory in use after: 147.4 MB.

Unloading 5 unused Assets to reduce memory usage. Loaded Objects now: 1807.
Total: 2.282400 ms (FindLiveObjects: 0.174700 ms CreateObjectMapping: 0.045400 ms MarkObjects: 1.691500 ms  DeleteObjects: 0.369300 ms)

========================================================================
Received Prepare
Registering precompiled user dll's ...
Registered in 0.001595 seconds.
Begin MonoManager ReloadAssembly
Native extension for WindowsStandalone target not found
Refreshing native plugins compatible for Editor in 0.34 ms, found 0 plugins.
Preloading 0 native plugins for Editor in 0.00 ms.
Invoked RoslynAnalysisRunner static constructor.
RoslynAnalysisRunner will not be running.
RoslynAnalysisRunner has terminated.
Mono: successfully reloaded assembly
- Completed reload, in  0.841 seconds
Platform modules already initialized, skipping
Refreshing native plugins compatible for Editor in 0.34 ms, found 0 plugins.
Preloading 0 native plugins for Editor in 0.00 ms.
Unloading 1221 Unused Serialized files (Serialized files now loaded: 0)
System memory in use before: 147.6 MB.
System memory in use after: 147.4 MB.

Unloading 5 unused Assets to reduce memory usage. Loaded Objects now: 1810.
Total: 2.483400 ms (FindLiveObjects: 0.209900 ms CreateObjectMapping: 0.071400 ms MarkObjects: 1.785600 ms  DeleteObjects: 0.415100 ms)

AssetImportWorkerClient::OnTransportError - code=2 error=End of file
